WARNING:  file defined by STDMACROS environment variable was not found at:
          '/home/eda/synopsys/syn/T-2022.03-SP1/auxx/syn/stdmacros.dat'

WARNING:  User's Guide 'tmax_ug.pdf' missing or no read permission. Was expected at:
          '/home/eda/synopsys/syn/T-2022.03-SP1/doc/test/tmax/tmax_ug.pdf'

                             Synopsys TestMAX (TM) 
                                  TetraMAX (R)

               Version T-2022.03-SP1 for linux64 - Apr 14, 2022  

                    Copyright (c) 1996 - 2022 Synopsys, Inc.
   This software and the associated documentation are proprietary to Synopsys,
 Inc. This software may only be used in accordance with the terms and conditions
 of a written license agreement with Synopsys, Inc. All other use, reproduction,
   or distribution of this software is strictly prohibited.  Licensed Products
     communicate with Synopsys servers for the purpose of providing software
    updates, detecting software piracy and verifying that customers are using
    Licensed Products in conformity with the applicable License Key for such
  Licensed Products. Synopsys will use information gathered in connection with
    this process to deliver software updates and pursue software pirates and
                                   infringers.

 Inclusivity & Diversity - Visit SolvNetPlus to read the "Synopsys Statement on
            Inclusivity and Diversity" (Refer to article 000036315 at
                        https://solvnetplus.synopsys.com)


read netlist s1423_scan_netlist.v
 Begin reading netlist ( s1423_scan_netlist.v )...
 End parsing Verilog file s1423_scan_netlist.v with 0 errors.
 End reading netlist: #modules=133, top=s1423, #lines=1249, CPU_time=0.00 sec, Memory=0MB
read netlist $UMC_LIB/verilog_simulation_models/*.v
 Begin reading netlists ( $UMC_LIB/verilog_simulation_models/*.v )...
 End reading netlists: #files=506, #errors=0, #modules=472, top=NOR4M2D4, #lines=29130, CPU_time=0.07 sec, Memory=10MB
run build_model s1423
 ------------------------------------------------------------------------------
 Begin build model for topcut = s1423 ...
 ------------------------------------------------------------------------------
 There were 955 primitives and 0 faultable pins removed during model optimizations
 Warning: Rule B8 (unconnected module input pin) was violated 2 times.
 Warning: Rule N21 (unsupported UDP entry) was violated 1 times.
 End build model: #primitives=758, CPU_time=0.00 sec, Memory=1MB
 ------------------------------------------------------------------------------
 Begin learning analyses...
 End learning analyses, total learning CPU time=0.00 sec.
 ------------------------------------------------------------------------------
set drc s1423.spf
run drc
 ------------------------------------------------------------------------------
 Begin scan design rules checking...
 ------------------------------------------------------------------------------
 Begin reading test protocol file s1423.spf...
 End parsing STIL file s1423.spf with 0 errors.
 Test protocol file reading completed, CPU time=0.00 sec.
 ------------------------------------------------------------------------------
 Begin simulating test protocol procedures...
 Test protocol simulation completed, CPU time=0.00 sec.
 ------------------------------------------------------------------------------
 Begin scan chain operation checking...
 Chain 1 successfully traced with 37 scan_cells.
 Chain 2 successfully traced with 37 scan_cells.
 Scan chain operation checking completed, CPU time=0.00 sec.
 ------------------------------------------------------------------------------
 Begin clock rules checking...
 Clock rules checking completed, CPU time=0.00 sec.
 Performing clock grouping analysis for 1 clock.
 Clock grouping results: #pairs=0, #groups=0, #serial_pairs=0, #disturbed_pairs=0, CPU time=0.00 sec.
 ------------------------------------------------------------------------------
 Begin tracing connection cones...
 Tracing connection cones completed, CPU time=0.00 sec.
 ------------------------------------------------------------------------------
 Begin nonscan rules checking...
 Nonscan cell summary: #DFF=0  #DLAT=0  #RAM_outs=0  tla_usage_type=none
 Nonscan rules checking completed, CPU time=0.00 sec.
 ------------------------------------------------------------------------------
 Begin DRC dependent learning...
 Fast-sequential depth results: control=0(0), observe=0(0), detect=0(0), CPU time=0.00 sec
 DRC dependent learning completed, CPU time=0.00 sec.
 ------------------------------------------------------------------------------
 Begin set operation for load unload constant latches...
 Set operation for load unload constant latches completed, CPU time=0.00 sec.
 ------------------------------------------------------------------------------
 DRC Summary Report
 ------------------------------------------------------------------------------
 No violations occurred during DRC process.
 Design rules checking was successful, total CPU time=0.00 sec.
 ------------------------------------------------------------------------------


set pattern external s1423_test_set.v
 End parsing binary file s1423_test_set.v with 0 errors.
 End reading 124 patterns, CPU_time = 0.00 sec, Memory = 0MB
set simulation -basic_scan
reset state
add faults -all
 3282 faults were added to fault list.
run fault_sim
 Simulation performed for 2749 faults on circuit size of 758 gates.
 --------------------------------------------
 #patterns     #faults     test      process
 simulated  detect/active  coverage  CPU time
 ---------  -------------  --------  --------
 32            127   2622    46.95%      0.00
 64             47   2575    50.31%      0.00
 96             18   2557    51.63%      0.00
 124            26   2531    52.82%      0.00
 Fault simulation completed: #patterns=124, CPU time=0.00
report summaries
     Uncollapsed Stuck Fault Summary Report
 -----------------------------------------------
 fault class                     code   #faults
 ------------------------------  ----  ---------
 Detected                         DT        747
 Possibly detected                PT       1969
 Undetectable                     UD          4
 ATPG untestable                  AU          0
 Not detected                     ND        562
 -----------------------------------------------
 total faults                              3282
 test coverage                            52.82%
 -----------------------------------------------
            Pattern Summary Report
 -----------------------------------------------
 #internal patterns                           0
 #external patterns (s1423_test_set.v)      124
     #basic_scan patterns                   124
 -----------------------------------------------
write faults not_detected_faults.dat -class PT ND -uncollapsed -replace
 Write faults completed: 2531 faults were written into file "not_detected_faults.dat".


reset state
remove faults -all
 3282 faults were removed from the fault list.
read faults not_detected_faults.dat
 2531 faults were read in and 2531 new faults were added to fault list.
set pattern internal
run atpg
 ATPG performed for stuck fault model using internal pattern source.
 ----------------------------------------------------------
 #patterns     #faults     #ATPG faults  test      process
 stored     detect/active  red/au/abort  coverage  CPU time
 ---------  -------------  ------------  --------  --------
 Begin deterministic ATPG: #uncollapsed_faults=2531, abort_limit=10...
 29           2041    490         0/0/0    80.64%      0.00
 59            240    250         0/0/0    90.12%      0.00
 85            148    102         0/0/0    95.97%      0.01
 113            74     28         0/0/0    98.89%      0.01
 128            28      0         0/0/0   100.00%      0.01
 
     Uncollapsed Stuck Fault Summary Report
 -----------------------------------------------
 fault class                     code   #faults
 ------------------------------  ----  ---------
 Detected                         DT       2531
 Possibly detected                PT          0
 Undetectable                     UD          0
 ATPG untestable                  AU          0
 Not detected                     ND          0
 -----------------------------------------------
 total faults                              2531
 test coverage                           100.00%
 -----------------------------------------------
            Pattern Summary Report
 -----------------------------------------------
 #internal patterns                         128
     #basic_scan patterns                   128
 #external patterns (s1423_test_set.v)      124
     #basic_scan patterns                   124
 -----------------------------------------------
write patterns s1423_2chains_myvectors.v -format stil -nocompaction -serial -type basic_scan -replace
 128 patterns of possible 128 patterns were selected based on type.
 Patterns written reference 388 V statements, generating 5032 test cycles
 End writing file 's1423_2chains_myvectors.v' with 128 patterns, File_size = 54119, CPU_time = 0.0 sec.
report summaries
     Uncollapsed Stuck Fault Summary Report
 -----------------------------------------------
 fault class                     code   #faults
 ------------------------------  ----  ---------
 Detected                         DT       2531
 Possibly detected                PT          0
 Undetectable                     UD          0
 ATPG untestable                  AU          0
 Not detected                     ND          0
 -----------------------------------------------
 total faults                              2531
 test coverage                           100.00%
 -----------------------------------------------
            Pattern Summary Report
 -----------------------------------------------
 #internal patterns                         128
     #basic_scan patterns                   128
 #external patterns (s1423_test_set.v)      124
     #basic_scan patterns                   124
 -----------------------------------------------
quit
