1100111111111010101100110000000000000111100111101
1101111111110010000111010000000000011110010111111
1001111111110111000001010000000000000000000111111
0110111111110011110101010000000000000111110111001
1010111110111000010101010000000000011000110101111
0110111111111101000011100000000000000110110001111
0110111111110110011110110000000000000111110111011
1110011110111100110010100000000000011001110111111
0010111011111110011111111000000000000001110101111
1101011110110111110000110000000000011000000111111
1100111111110101000100100000000000000001110101111
0110111111111000010101111000000000000110110111101
1101011110011001001001000000000000011001010101101
0101111111111010010100001111100001000111110111111
1010100111110101101010101000000000000111110101111
1101111111111011111000010000000000000001110111001
0001111111111000101011011000000000000111100101011
0001111110110010001011001000000000011111110001111
0010111110111101110100100000000000000111110111011
1010110111111000110010001000000000000001110110001
0010111111110001001010011000000000000001010111001
1110111111011010110110000000000000011001110101111
0101110110110010100011011000000000000111010111011
1010011111111101011011111000000000000001010111011
1010111111110110111010000001001010000001011101101
0101111111110111100110000011110011000001110001011
1110111111110010000101110000000000011000110001111
1101101111110110010100101000000000011001110001111
1010111111111001100101010000000000011111110001111
1101111111111001010010100100001101011001110111011
1001101111110111100110100000101111000111110111111
0010110111011011111110001011011111000111100110111
0101110111111111110001000100000001000001110101011
0001111111110101110011010000000000011001000001111
1100101111111111110101110000000000011001100000111
1001010110111011000100101000000000000110100000101
1001111111110100101111001001000110011110100111011
0000101111111001000000010000000000000111110101011
0110111110110110101110110000000000011110010001101
0001110111110100111011100000000000011111110111101
0101111111111000111000000000000000011111001111011
1101111110010110111101011101110010011000110111011
0000101111111010101101111000000000000001110101101
0010111110110110110110001000000000011110000001011
1010111111110100010100000000000000011000000001111
1110111111110010111111000000000000000111100111001
1010111011111010101111010000000000000000010110101
1010111011110010100001111000000000011001110111011
0010011110110001011111110000000000011001110111011
1010011111110110111111101101011101000001000110001
0000110111110110100010011000000000011111100111111
0001110111010111011101110000000000000001100101111
1001111011110010110010110000000000000001110111011
1010001110111110100000111100111010011110010111101
1010101111111111110101100000111110000111110101111
0110111111010011111010001000000000000111110001011
0001001111011110101001000000000000000001110001101
0110110011110101101001001101011111000111110111111
1010111110111010111101000111111010000111100101111
1100101111110100100100001101010111011001110001011
1101111110110111011110011000000000011001110001111
1110111111110011001100110000000000000110100111111
1101011111111101111100101000000000011111100111101
0110010110111001000001010000000000000001100111111
0000111111110011100010110000000000000001000111101
0101110010111010101000110101100010011111110111011
1101100110110011100001110001110111000001110101011
0101111111010110011101101000000000000110010001011
1001110111110101100001001000000000000000100001111
0101101110111000011000010000000000000111110111011
1100110110111000000111111000000000011001100100101
0101001111110001111101110100001110000000010000101
0010100011111000111001010000000000000001100101101
0010101111111011101100110010000110000111000111111
1010110111110100001001100000000000011110000101101
0010101111111111011110010000000000000001010000111
1110110111110011101011101000000000000001110001011
0010101010111011000100001000000000011001110110011
1110110111111100101111001000000000000001110101101
0010001111110101111001010000000000000001110110111
0110111111111101110101100000000000000000010101111
1010111110110001000001000000000000011110010111111
1001110110111110010110001000000000011001100101011
1001101010111000000010001000000000000001110111011
1010110111011011001001001000000000011000110101011
0110111011111100111100000000000000011001100001111
1100110010111100000011000010100010011000110111111
0001111110110110110110011000000000000001110111101
0100111110010110110000110111100100011111100111011
0110110011110011000100110000000000011111100101111
1001111011110001101100100000000000011111110111111
1010111011111011111101001000000000011000000111111
1001111111111001110000010000000000011111100111111
0110101011111001000011100000000000000110010101011
1001110111111001100010000000000000000000110110111
0101011110111000010010011000000000000000010111011
0101010110110101011010101011001101011000110111111
1000110111110111100111001000000000011111100101111
0001101011110000110011010000000000011111110111111
1010110110110101000010111000000000000001110101011
1101111011110101111011111010111101000001110110001
0010011110111001011000101000000000000001010111011
1110110111110100110101010000100010011001100111101
1101000111110111101011100101000111000111110101111
1010110110111000100111011000000000000110000111111
1010011111111110111011100000000000011001000111101
0010110111110110011110000000000000011111100101011
1110111011111000001011011000000000000111000001101
0010011011110110101100111000000000000110010111111
1110110110111010011111100000000000011001110100111
1010111111111000101100011000000000000001010110011
0110111111110101010011110000000000011001110110011
1010111110111001010001101000000000011111100100101
0010111111110000000100011000000000000111010001011
0010110111110110000010110000000000011111100001111
0001110111110001001011111000000000011000110111111
0010111111111111100010101000000000000000010111111
1001101111110011100111001101110001000001010111011
1001111111111110011001011001100000011000110101011
1001111011111011110110100000000000011001110111011
1101111111111100101001000101000111000111110001101
0001111110110000110010001000000000000111100111101
0110111111111000110110011000000000000001100100011
1001110111110111010110110011011100000111110111101
0001111110111111000101010000000000000001110110011
1101011111111000100100100000000000011111100111011
1000011111111110000111100000000000011111100101111
1100110111110110000001110000000000011110000101101
0001101011110000010100101000000000000111110111011
0000111111010010111010111000000000000110110111111
1101001011110111101011111010110000000000010101111
1010111111111011101100011000000000011111110001011
1110110111111100101001110000000000011111100000011
0101000111110001011001101000000000011000000111111
1101111111110100011001110100000000011001100101111
1010111110011001100011000000000000011001100001111
1110111110110111011110001000000000000001100001011
1010111110110001111000110000000000011111100001111
1010100110110110001001100000000000000000010000011
1110101111111111101111101100000000011000010111001
0110011111110001111010110000000000011001010100101
0010100111110111100111100000000000000001110000111
0110010111110100100110000000000000011001110001111
1010100011110001110110000000000000000000010110111
1010011011111100100011000000000000011111100111011
0101111111110010100000100000000000011111101110111
0000110111111001100000100000000000011001100111111
1010111111110100111100100000000000000110100111011
1010111111111000110001001000000000000110010111011
1110011111111100111000111100000000000001110100011
1101101111111110111011010000000000000110100111101
0101111111010011111111100011101101000111110111111
0110111110111111111101000000000000000110110101101
0010111110010001000101001000000000000000010110011
0010011111111001011101101000000000011110110111011
0001011011110101100000011000000000011111110101111
1110110111110111001010100000000000011110100111011
1110001111010100000111011000000000011001100111111
0010110011111111101010101000000000000111110111111
0101011111010000001001010000000000000111110111011
1001010111011111110111110001000110000111110111111
0010011110111000010000101000000000000001110101101
0010101111111100001001000000000000011111100100011
1101111111111111101001001011000100000001110111011
1010111111110101100101010000000001011111000111111
1010100011110001100101110000000000011111100111111
1110101110111101111101111000000000011001000111101
0110111111111001100101110000000000000001010101101
0010111111111001101011111000000000011110000101111
0110101110111101100110110000000000000000000000111
1110111111110101001110110000000000000001110110111
1110111011110001000100110000000000000001100110111
1010011110111011010011100000000000011001100111111
0101110111110110100000000100001011011001000101111
1101001111110000110110000100000000011001110111011
1010101111010010011101000000000000000000110111011
1001101111110110100111011000111101000001110111011
1101111111111111000000101000000000000111110111001
0010101111110101110111000010111111000000000110101
1010111111010001000000001000000000000110110101011
1010111111111100110000001000000000011111110111011
1001111111111010110110011000000000000000110111011
0100011111111001011000100000000000011111100111101
0110110111111001110110001000000000011110000111101
0101111110111101111010011000000000000111100101111
1000111111111101011111110000000000000110011001011
1000100111110000011011000000000000000001100001001
0001111111111000101101001000000000000111010111001
0110111111111100111110101000000000011110000111111
1010010111010110010101101000000000000111000111101
0101011110111110101011100000000000011111110001111
0001011111110000000100000000000000000111110001001
1010111110110111000001111000000000000111110101011
0010111111110111000111110000010000011110010111001
0101111111111011110111010000000000000000010001011
1010011111111111001010001000000000000001110101111
0001101110010100110111100000000000011110100110111
0101000111110101101111111011011100011000100001011
0001100110010011110011110110100101011111100111101
0010011110110001110111011000000000011111000111111
1010100110110111111100111000000000011111100111011
0010111010110101100101000000000000000001110111111
0010110111110111100110110000000000000111100001101
0110110111110001011000100110011011000001010000011
0010101111111100010111001100100101000111010001111
1110010111111110111100010001010011000110000001111
0010101011111110110110101000000000011001010110111
1110110111010000111111101000000000000111110111111
1110111111110111010101100000000000000110000111111
1110011111111010000110111000000000011000000111111
0101110111110100111111111000000000011111110101011
0010111111111000000101001000000000011001100101111
1010111111111001111101010000000000000111110001011
1010101011111111001000011000000000000001110101011
0101111111110001011110110000000000011001110110111
1000111111111110000111100000000000011000000101111
1001111011111101100100000000000000011110100001011
1110101111110000010101011000000000000110010001111
1110011111111001110010111000000000000001101111111
1101011111110011101011011011011001000001110111111
0010111110011100101110011000000000011001111110011
0001100011011101101001010100000000011111100111111
0110011111111011110101100000000000000111010111111
0101111111110100101100100000000000011111110001011
0101111011011110010100001000000000011001010111011
0010101111110001010000111000000000000111110111111
1110101110110011001111111000000000000001000110101
1001110110010011111001110000000000000001110101111
0100110111110111011111001001101110000001110111111
1110110011111011000001110000000000011111000111111
1110111110110000110010101000000000011111000101111
1110010111110110100001110000000000000111100101011
0010000111110101010110101101110100000000010110111
1110011111111001100000110000000000011001110111111
0010111111111010101011000000000000000001110000111
1010010111111011111000001000000000011001000110011
1010001111110001111101011000000000000000010100001
0010101111111010010011111000000000011111100000001
0000110110110011111111110111111111000111110111111
1000110110110111110101000000000000000001100111111
1001111011110100100110101100101111011000000110111
1010100111111101001101110000000000000110100111111
1010100110010010101101101000000000000111010101011
0110111111111000101110111010101111011111010111001
0010111011111101011101111110110101011000110111101
1010101011111110110001011000000000000111010001011
1000111110111101100011111000000000100000000001011
1110011011110000001011101000000000011001100001111
0000011110110000000110011000000000011001100001111
1101011011111111000011110000000000011001100001011
1110110111110111010100001000000000011000000101111
1000001110011100110100111000000000000111100111111
1110110111111011110100011000000000000000100111111
0010001111111000000000110000000000000001101111111
1000111110111000001001000000000000000111100111011
0010101110111000010000001000000000011000000101011
1010111011011110011111111000000000011001000110101
0100011110111000101100110000000000000001100100001
1001100111110100111101100000000000011001110111011
1010101111111011010011100000000000000110010001011
1010101110111110110110100000000000000001010111011
1001110111111101000010001000000000000001110101111
1010101111110111000101111000000000011111100111011
0110111111110001011101110000000000000111100111111
1001111111110100111100001000000000011111100001111
1000110111111100110111111000000000011111100111111
0100001011111111010100110000000000011111100111011
1101110110010001101010100000000000000110100111101
0100001111111010100110001000000000011000000111111
0101110111110001011110011000000000011111000101011
1110101111110001001011010000000000000111000111111
1101111110110011010111000000000000000000100001111
1000111110110110110111101000000000000001000101111
0001111111111100010000011000000000000111100111111
1000011110111110100111010000000000011110100111111
0101101111110010001101101000000000000110000111101
1010101111110111011101110000000000000110010101011
1010111011110000011001101000000000000000010001011
1000100110110000110010001000000000000000110101011
1001111111110001010000011000000000000110110111011
1010111010111010101111000000000000011111110111011
1001111111111110110001111000000000011000000111111
1010110111110010001000000000000000011111100101111
1010111111111000010010000000000000011111110001011
xxxxxxxx1xx1xxxxxxxxxxxxxxxxxxxxxxxxxxxxxxxxxxxx1
