xxxxxxxxxxxxxxxxxxxxxxxxxxxxxxxxxxxxxxxxxxxxxxxxxxxxxxxxxxxxxxxxxxxxxxxxxxxxxxxxxxxxxxxxxxxxxxxxxxxxxxxxxxxxxxxxxxxxxxxxxxxxxxxxxxxxxxxxxxxxxxxxxxxxxxxxxxxxxxxxxxxxxxxxxxxxxxxxxxx
00110011001100110011001100110011001100110011001100110011001100110011001100110011001100110011001100110011001100110011001100110011001100110011001100110011001100110011001100110011001
00000000000100000000010011101001110000101110010010000001010010001011100111100110000111101111111100000000000100000000000001000111000101011111011111011111000111100000000111110111011
00111111000000110110010110110001100100110001101101110001111111101001000101011001101101011001011011000100000000010111110011000000001010100110101000011011011110100100111000011101001
00000000000110100000001111110101110011001010001000000001000010001100000011100010000101100111111011000000000101000000000000110100000100110110100111111100111100111110111101111011101
00000000000001111111111110101101000001001010010000100001000000000100111010100110000101101010000011000000000100000000000000010001000111100101111010100001011100100111011101011101110
00000000000010111111011001011001100010101110001001000010010000000001011101100110000101110110101110000000000000000000000001100100000101011010100110110111110110100101110110101010100
00000000100100000010011111111000010000101110010010000011000010001110100101100011000101100000000000000000000100000000000000110001000000101101110000000001000010100100000010011101110
00000000000111010001100111111110100001001010000000000010000000000111101010100011000101110100110110000000000100000000000000100100000101100010110100111010011011100001011010101010100
10000000000001011101000100111001110001001110001000000111010010001011011110100110011011100000000000000000000100000011111010110000000001101100110000000001100100100000100100011001100
00000000000110101000110111110100110110101010001000001011010100100111000111100111000111111111111111111111111001000000000000100000000101101011000000000000110011100100110010100110010
00000000000100010110101111101011110001001110001000100010010010100110111011101001111011101101010101000000000100011111010011000000000111101101101101001011001011000001001010011101111
00000000000110010100110000010101111001001010011001100111010000000011111011100110000101100010001111000000000100100000000000110010000111011000010010100111110111111101110111000000000
00000000000100000001110101101111101001101110010011000000000000101011010101110010000111110000000001000000000100100000000001000011000010111011100000000001000011100001000011101110110
00000000000100010110000011010011110001111010000010000100000000001110000011100011000101100000000001000000000100000000000000010101000101010000010000000001000001111100000001000000000
00000000000000010010110011101100100000101110000000100110010000000000011010100111000111110111001110000000000100000000000001010101000010001100100111100110110111100101110110011001101
00000000000110110111000001011011100001101010011001100001000000000000010101100011000111111010110111000000000100000000000000100110000010010011001010111010111011100100111011100110010
00000000000011010110111101111010010100101010010011100101110110100010000001100010000111111011111010010111010100100000000001100111000010110111011011111100100101100101100101110111011
10111101010111000000001100100010100000111110001000010111111010001100010101111101110110010001011000101000000010011010101111100110011111111111001101010101010100100000100011101001110
00000000000110001011000001101111011000001110010001000010000010000000001011100011000111100000000001000000000000000000000000110110000111101010000000000000111101100001111100100010000
11101010111000000001100100010100000111110001000010111111010001110010101111111110110010001011000111010000010011010101110110110010111111111001101010101010100100000100011101001110011
11010101110000000011001000101000001111100010000101111110100011010101011111010101100100010110001110100000100110101011101001100111111111110011010101010101001000001000111010011100111
00000000000101110011100110010001110000001110000000100000010000001111010010100011000101101010110010000000000100100000000000010111000111101001011010111000101000100100101001000100010
00000000000101011111100110001111100001101110111010000101010000000100010111100010000111110000000000000000000100000000000001110001000100001111010000000000001100100100001101110111010
00001000000100101111110110010001100001101010000000100111010010010000111011100010000111110000000000000000000100000000000000100100000010100100100000000001110101100001110100011001100
00101111000011000011101111001101110111110111110111011010110110000001001101010000111111011000111100110111010100000001001000111111000000100000111100001001110110100100110111011001101
01011110000110000111011110011011101111101111101110110101101100000010011010100001111110110001111001101110101000000010010001111110000001000001111000000001101101001001101110110011010
00000000000111001101000011011011110000101010011000000011000000001101011111100110000101100101011001000000000110100000000001110110000101101100110101001101001100100000001101011001101
00000000000110001100010100110100100001001010011000100110010010001010011111100011000101100000101111000000000100000000000000110010000111101010010000110111010110100100010110100010000
00111100110000000011100001001001010010111100000111000110101100110010000101000100101101101110000100100101000000000001001100111111111101011101001000101011111011001000010110000001101
01111001100000000111000010010010100101111000001110001101011001100100001010001001011011011000000001001010000000000010011000011111111110111010010001010110110110010000101100000011011
00000010001010110001010101101010110000001110011000000010010000101000001010101111111110100011100100100000010111100000110111010001000110101000000011010010010100100001010101000000001
00011110110101010110101110010101100001100011010111110101101110010010100000111100110000011110010101001001011101110101101101110110000100011011000001100010010101010110000010111000000
00000000100110101000000100111010110000001010000011000000000000000010110110100010000101110111110011000000000000000000000001011111100100000000010111111001000001100001000000000000001
00000000000010001010000011101011000101001010010001001001010100100010100110100011000111111110011111000000000000000000000000101010011111100000101110101111111000100101111000001000100
00000000000010001011001011001111100101101010000001101011000010100010000111000110000101111101110111000000000000000000000000110100101101001011001101111010010010100100010010100110011
00000000000001000101000100011001111111001110011011000110100110100100110010000111011100100101010101000000000110101101011101100000000101110100100101001011001011100000001011011001101
00000000000100000010011000101001110101101010000001000100110100100010001100100110000101100100110100001001101100100000000001010010000000011010110100011010001010111001001010101010100
10000000000100010001000011010110100011000010001010000001000010000100001110100111000101110001011001000000000000000000000001000111000110000100000001001101001101000101001101010001001
00000000000101101110101010111100010001001110000111100011000000100111101011110111000111101011100100000000000001000000000001110000000001000000011011010010100011100000100010000000001
11000100100101001111110110000110010101110001011000111010101110000111111011010100111100010010110111110100110110101000100100110001010011000000001010001001100001001010001001100110000
01000000100101010011010111100001110100001110011010000000100110101010101111100011111110110100111011000000000010100000011110000000000001110000110100111100001101100001001101001000100
00000000000100111011011101010011001011001010010011100101000000000000000011100100001100100010101111000000000100011011011100100110000000001010010010110110110110011000110110100010000
00011011111011000010100001100110000101010111011111100101100000100100011101110001000001011010000000111110101000001101001000111001001010010110001001110101011011010101100101010100101
00110111110110000101000011001100001000101110110111001011000001001000111011100010110011111100000001111101010000011010011100010000010100101100010011101010110110101011001010001101010
01101000110110100001010001010010100100101100010101101100110101111000100111011011111100100111001001011110001110101110001010011011101011010101000111100100100111111101010100011110100
11010001101101000010100010100101001001011000100011011001101011110001001110110111111011001000000010111100011101011100010110110111010110101010001111001001001111111010101000001101001
10100100000000101110010010000000100011000000110101001001100000011011001101111001101111010011101111011100010101100011110011010101101111011001111110100011010101011110010000011110011
01001111011011110111110011001011110111110000010001101001110111111111001011110101000100101000010100011100000111011101100100010000011100111110011101110111000000010111100001111000111
10011110110111101111100110010111101111100000100011010011101111111110010111110010001001010000101000111000001110111011101010100000111001111100111011100111000000101111000011110001111
00111101101111011111001100101111011111000001000110100111011111111100101111111100010010100001010001110000011101110110101001010001110011111001110111011110000001011110000111100011110
00000001000011001101000011000000000001101010000001100101000000001111000101100011000111111111001100000000000000000000000001000101000100001101111111000110100110000100100110011101111
00000001000101001100010110000010000111101110010011001011000000101110101010100010000101100010111001000000000000000000000000000110000010000011100010011101111010000100111010101110110
00001000000101010010011110011101101000001110011001100011000010000000001001100011000101110000000000000000000110100000000000110100000111000111110000000000011011000000011011111111110
11010010011000001110110010101000100010000011010101111000100111110000001101100110000000000101000011101010101111000111001011010001111000001011010110110011001000011100111011110000100
10100011101010110110110010011011110101110111000000001011111000001001001011010010011000000101001101110001110000010100100000011000110010011011001101010111011010010010100000110001000
01000111010101101101100100110111101011101110000000010111110000010010010110100100110000001010011011100011100000101001000000110001100100110110011010101110110100100101101101001010000
10001001110001110000011110100101100110101101101011010101010111001101111101010111111000011011111101100011101111001000110111011000001011100001010101101100100011100000011011010000000
00010011100011100000111101001011001101011011010110101010101110011011111010101111110000110111111011000111011110010001101110110000010111000010101011011001000111000000110110100000001
00100000011101101010101101011100101011000111000110101111101011011110100101000001111001100000111100101010000010111001101011011011101100001000110110000011000100101010101100000100010
01000000111011010101011010111001010110001110001101011111010110111101001010000011110011000001111001010100100101110011010110110111011000010001101000000110001001010101011000001000100
00000000000001100100111100011100000001001110010010000101000000000010111001100011000101111100111100000000000010100000000000010100000110101010011100011111000010100001000010100010000
00000011101101010101101011100101011000111000110101111101011011110100101000001111001100000111100001010010010111001101011011011101100001000110110000011000100101010101100000100010000
00000000000000101001110100100100111101101110011001101110000010101110010101100011000111101110011011000000000100000000000000110010000001110000001110101100011001111101011000000000000
10000100101110000011010001011111000000000001110110010110111101111100011000100110101101001010100111101000111101101010001100110100101101011110001010110001100000001000001100111011111
00000000000001110001001101011100110101101111000000100011110100100100010110100011000111110000000000000000000100000000000001100001000100100000000000000000111001100100111001000000000
00000000000110110010110001100100101001101010010011100011010010000001110001100111000111111000001011000000000000000000000001100010010001100001011000100100010100100100010101000100010
00000000000100100101100110010010110001101010000001100011010000001000101011100110000101110110011011000000000100000000000001011010110111000000100110101100111101011100111101001000100
00000000000000001110101000100110100001101010110011100110000010000011010100100110000111101010101001000000000101000000000000000110000010011011011010010101100100000000100100100110010
00000010000010011001101100010000100101001110000001011100010000101101101001100110000101110000000001000000000110100000000001010110000100011101100000000000111010100001111010011101110
00000000100100100110000100101010000010001010010010100001010010001100001000100001011001110000000001000000000101010011010100110011000010000011110000000001011110111001011111101110110
11100110011100100011000111111100010100110110101100011011010011011110101110011100000111010001111110001011010101011100000111010001100011010000010001011111100111001001010111001100001
00000000000101100101010110001100000000111110010010000011010010000010001110000111000111101111111111000000000000000000000001100101000101110111001111111110110101100001110101110111011
00110001110011011001010111001101000101110101110010010001000101001011111101110011101101100000000010101110111001100101010110010110001100101101001110100100001001001110111011011110000
00100001110001110011000110110101101100101011100101101001010101101001110111110100001111110001010110101001101101001110001000110110001111110101011000010000100010011001110000001111111
01000011100011100110001101101011011101010111010011010010101001010011101111101000011110100000000101010011011010011101011111101100011111101010110000100001000100110011100001001111111
11000101010000001101110011111001011011101110100111101110001100011001010011011011101000100100001001010010101011111110110111000011101001111010100100011010111001100011000100010000001
10001010100000011011100111110010110111011101010111011100011001110010100110000111010010001000010010100101010101111101100010000101010011110101001000110101110011000110001000100000011
01010111010111110110100111001010001111111010100111110011101111011011000000011101110001110101110110111110110101111110110100010000110001000101010100110011010110001000010111011111000
11101100111000101100100110111011111110110101010110101100000001011000001100100000110111001110111110001001110101111000101100111011110100100101101100111110011100010100101000100001110
11011001110001011001001101110111111101101010100101011000000000010000011001011001101110011101111100010011101011110001111011110111100001001011011001111100111000101001010001000011100
10110011100010110010011011101111111011010101010010110000000001110000110010100011011100111011111000100111010111100010111101101111010010010110110011111101110001010010100010000111000
01100111000101100100110111011111110110101010110101100000000001010001100101000110111000110111110001001110101111000100010101011110100100101101100111110011100010100101000100001110000
00000010000010010010001010000110100101001110010001101100010010100010001111100011000101101011101110000000000100100000000000010010000101110011011011110111010101100000010100100110011
00001000000110110111101011011010101000101010011001100100000010000101011100100111000111110000000000000000000100000000000001110100000111000100110000000001111011100101111011011001100
00000000000110111001100001100001010001001010010001000100000000001001100101100110101100111000101101000000000100000000111001100111000010110011001000010111000110111100000111100110010
00000000000101110100100100011101000000101110000000000000000010000110001000100011000101100000000001000000000100100000000000010010000001111100110000000000110011111111110010011001100
01111101111000010011011001100110011011011000101111100000010001000111101000101101111000001111010001001101010110111101001001011101010100101001001101100101110010011010100001111111001
00000000000010000111100110111001010000001111000011100101000010001100100000100011000111101101111110000000000000000000000000100001000101010100111101111110010100100100010100011001101
01110011001111001110110111000110101111100010001100010111111001100010111010010001001101111011100011011101100111111110101001000001111111111010111100100110101001100010001011000011000
10100000001001011100000110100010111100000101000101100100101101111011111000110001001101011010010101001111010001011000110100011001101001011010111100010101100011000000010000011101111
01001000010010111000001101000101111100001000001011001001011011110111111101100010011010110100101010011110100011110000101000110011010010110101111000101011000110000000100000110011111
10010000100101110000011010001011111000010000000110010010110111101111100011000100110101101001010100111101000111111110010001100110100101101011110001010110001100000001000001100111111
00001000000011011110000011010010110100101110011010101001000000101011011011100011000101111011011111000000000100000000000000110110000110100100001011101110000011100001000011010001001
00000000000000110011110101101100100001001110000011100010010010000110111110100110000111110000000000000000000100000000000001000100000101011100000000000001111000111001111001010001000
00001001100100111101010000010011011110101011101000001001100100010110110101111100111101111110111010001101010001100000011001110000111100010111110101110111001011011100001011010000111
00010111111011100100001000101111010010000011101000010111111011100110110001000111100101000010101001011100001011110000111111011001100110100100010001010101110011010110010011001001101
00000000000101011101010111010101100001001110000010100110010000001001010110100111000101110011101100000000000100000000000000001101011001000110000011010111100111100001100110110011001
00000000000110110100111010110000100100001110000001001100000010100011110010100010000101101011001100000000000100000000000001101100011100000000011011000111000000100000000000000000001
00000001000100111010001111100000110000101110011010100001000010001101110001100010000101111110111110000000000101000000000000100100000110100000111110111110001111100011001111001000100
00000010000110101101000111010111101001101110010001100111010010000010001000100111000111111111101110000000000100100000000001110001000111010110001111110111010111100001010110110011001
00000000000010001100001100100001011001101010010011000111010010000100100100000010000101111111110111100110101000100000000000100101000110111100011111111011111011100101111011010001001
00010000000001000000001001011101100001101110010010000110000000001000101011100011000111111111011101000000000100000000000000110100000011010101001111001111100110100001100111010101011
01110011101110100101000010100010011100000011100001110001110110011000001100010100101111100100001111010011011111110101101001101111001011101101101111011010010011001101101001111000001
11100111011101001010000101000100111100000111001011100011101100110000011100101001011111001000011110100110111100101011010011011110010111011011011110110100100110011011010010100000010
11001010001000001010100010000000010101011011110011000011101011101011101011101100100001101111101000001011010001100110011010000100110000111101000111010010101001011000100000001100111
10010000100010001011101100001001000001100010010010000011100101011100001101100111011111100000011101010000001011111101001110110001111111110001110100011110110111011111000100011101101
00100001000100010111011000010010000001000100100100000111001011111000011011001110111111000000111010100000010111111010001001100011111111100011101000111101101110111110001001011111011
01000110111010110000011000101101101001011100110100001010100111111011101100100011100001111110101000000110000111000101100111111111100001001100101011000000111000010010010110001110101
10001101110101100000110001011011010010111001110000010101001111110111011001000111000000111101010000001100001110001011110111111110000010011001010110010001110000100100101100011101011
00011111011001011111001010111111001010100110000100101110101101110101101000111000011101000101111101011110110101100110110011000110011010110001010110111000000100100111011101010010100
00111010000000100000111101110111111010011001110101011001101001010000001011011110100100110100100111111011000001111101100100110100101011111001010111001011101000100000111111001101011
01110100000001000001111011101111110100110011110010110011010010010000010110111101001000101001001111110110000011111011100101101001010101110010101110010111011001000001111110011010110
11101000000010000011110111011111101001100111110101100110100100010000101101111010010010010010011111101100000111110110111101010010101111100101011100101110110010000011111100110101101
11010000000100000111101110111111010011001111100011001101001001010001011011110100100111100100111111011000001111101101111000100101011111001010111001011101100100000111111001101011010
10100000001000001111011101111110100100011111010110011010010001010010110111101001001100001001111110110000011111011010101111001010111110010101110010111011001000001111110011011110100
00000001000001100110010110010100110000101010010010000111010010001100010101100110000101111001111110000000000000000000000001110111000011101101001001111111001110100101001111010101011
00000001000010010101010000111100100001101010000000100110010010001011101010100111000111110101001100000000000000000000000001000101000101011100100101000110000111100100000110011001101
00001000000000110000101001101010100001011010011001100100000010000110010101100001111011101000110101000000000101001011010011110100000110101110001000011010000010100100000011110011000
00001000000100100010001011011010100010100010011011000101000000000100001011100110000101110101011001000000000100000000000000100010000001110100010101001101011010100101011010010001001
00001000000110001101100010101011110001001010011010000010000010001001011101100011101111100011001000000000000100000000111010100010000111001100000011000100100100011000100101010001001
11100000010011001001111010100000100110111101011111010000010011001000101101101011111001111011111101110100011010100011000000110011100001111000101111101011101110010110111000010110100
11000000100110010011110101000001001101111010101110100000100110010001011111010111110011110111111011101000110101000110000001100111000011110001011111010111011100101101110000101101000
10000001001100100111101010000010011011110101010101000001001100110010110110111111100111101111110111010001101011001100100111001010000111100010111110101110111001011011100001011010000
00000010011001001111010100000100110111101010111010000010011001000101101101011111001111011111101110100011010100011000000110011100001111000101111101011101110010110111000010110100001
00000000000011000011011101100000110001001110000010100001010010001100101000000010001011101111111111000000000001000011111011100101000100100011101111111111111101100100111100101110111
00000000000001010001110001001110000100101010010001000010100110100011101100100111000101001111111111000000000000000000000001000110000110100111111111111110100101100101100101111111111
10010100001001111111100011111111101101010100111110010000101110011111000011010101011111101101101101010011001001100111000111011100000011101101100000111001010100000011100000011111011
00000000000011110001001010101010110000001110000010000011010000001011101000100110111111111011010011000000000100011101111101100110000101010101011011101001111001111000111000010101011
00000000000001100000011001010101100001101110010000100110000010001111100100100011000101100000000001000000000100000000000000010011000100101001110000000001010101000001010101001100110
00000000000000101000111100111110100001101010000000100111001010001100011101100111000101111000011110000000000100100000000000100110000010011001011000101110011110011110011111000100010
00000000000101010110101101110001110001101010000001100111010000000010001111100110000111110100000110000000000100100000000001010011000000110000100100100011101100000010101100001000100
00000000000101010111110101110001110011001010011010000101000000000111100001100011111001100100010111000000000101001011000001100111000000011000100100101010011010100100011011001000100
01000111011001101000010010001100101100111101100101110010111010011000001010011111001001101100011011101010011111111110010011000000001110001010111000111100101111101000001101011111110
00000000000011111111101001001011100100001010010000100110110110101010001100100110000111111001011011000000000000000000000000110110000000100100001001101101100101100101100101010001001
11001110110001000111010111111110000101100111011011100100011111110011101000000111001010000111011000010011101010000111011000111001101101001000000011111111111010100000000000011101001
01001100110101101000110000110000111101011111110011100111001001110100010000110101111001111000000110011101000011110000011011001010001111110011100111110010110001000000110101001100001
10011001101011010001100001100001111000111111110111001110010011101000100001101011110001110000001100111010000111100001011100010100011111100111001111100101100010000001101011011100011
11100010000001000101011100001111000001101110100010110011010001000010000011101100001110010010101111001110011000111100001100010001101010101101111111000110000000000011100011011110100
11000100000010001010111000011110000111011101000101100110100010010100000111011000011111101101011110011100110001111000100110100111010101011011111110001100000000000111000111100101001
01011001010011110011101111110000111000101011000111100010110011011011001110000011010000101100001010000011110100001110100011111111111111010100011100010101001100001110111010011000000
01100011110000000001000000101101000111000111000011101010010010110101011100111101001111101110100010111101111111100010110101000110101011011011011000100111001100011101000001100010011
11000111100000000010000001011010001110001110000111010100100101011010111001011010011111011101000101111011111111000101101100000101010110010110110001001110011000111010000011000100110
10001111000000000100000010110100011100011100000110101001001011010101110010110100111110111010001011110111111110001011111100011010101100101101100010011000110001110100000110001001100
00011110000000001000000101101000111000111000010101010010010100111011100101111001111101110100010111101111111101010111111000110101011001011011000100111001100011101000001100010011001
00111100000000010000001011010001110001110000110010100100101001010111001011010011111010101000101111011111111000101111101111101010110010110110001001110011000111010000011000111010011
00000000100000110110111010100011010100001110010000111010010010101000010111000011011101110000000001000000000001100000000001100101000101110011110000000000110010100100110011101110110
00000001000100000111101001011011000100001110000000101010000100100001000100100011111101110000000001000000000000100000111001010101000100110100000000000000110101100101110101010001000
00001000000100110011100010101111100100001110011000101010000000101011010101100111000101100100111101000000000101000000000000110101000010011010110100011110001111100101001110101010100
00000000000111100011001101011001001000101110010001000100010010001110000011100110000111110011111001000000000100000000000000100111000100110110010011011100101101100001101101110011001
00010110001001011100000011011000000010100100000100001110100100100101000110011100000001000010110110110000111111010000110110110101011000011010110111000110111000001000011011000011101
00000000000111011001001100000000110101001110000010000001100100100001100000100100111001111010110010000000000100011101110110000111000001000000011010111000000001100100000000000000000
00000000000010100100010000001100110000001010010000100010000010001001000000100110000111101111111110000000000000000000000001000110000010001110101111111110111110100100111111111011101
11110100010101111001100111110011001101100100010011001011111101100100111100001110111011001101101101101110100101111111100101001110010101011000111000000011010001000000001101010100100
11101000101011110011001111100110011011001000100110010111111011001001100000011101110110011011011011011101001011111110000110011100101010110001110000000110100010000000011010101001001
00000000000001010100001100110011110001001010011011000110010000000000010100100110000101101011111101000000000001000000000000010110000001011111001011011111101111000111101111110111011
00101100000100110001011111001110101100110101101000111010001111111111000000101100100101011001010001000100011011101011111101001111100010100000100001000100111111110011100111111100011
00000000000001110011101100001111100100001110010000100010100100101110111011100111000101110000110110000000000000100000000001010101000000001100100000111011010000011000010000011001100
00000000000101001000101111011111101100001110011001100101110110101000010110100110000111100110101100000000000100000000000001000100000100110101010110010111111100100101111100010101010
10000000000101101101000101111101110000101110000011100110010010001101111000100111000101110000000000000000000100100000000001110110000011100110100000000000011001100100011000111011100
00000000100010001000111101111101100001001110000011100001000010001011101101100010000101110001101011000000000100000000000001110010000001111110010001110101010100100001010101110011001
00000010000011111101010100111111111000001010011011000011000010000000001101100010000101100110001100000000000101000000000000010000000111001011000110000110011111000000011111100110010
00000100000100111000011101110101010000001011010010100110000010000000100110100111000111111010110101000000000101100000000000100000000110011100111010011011101100000001101101011001100
01100000011011110111100001101011010101110100010001000000111110011000100000111010111011001010111001110101111111000110000110001000011001001111100000100001000110100111111010011111010
00000000000010111011100111010100101000101110010011100100000010000010101101100110000101111111001111000000000100000000000001000001000010110000001111100110010111100000010110000000001
10010001101111011110000110101101010111010001000100000011111001100010000011101011101100101011100111010111111100011000011000100001100100111110000010000100011010011111101001101101000
00110101011100100100100010111101111000111000110000011010110101001011100111000001001011111011100110001101110101000101001111100100111000101100010100101010101011100110100000001100011
01111100111011010001101010011100100101101011000000101000101111011000101110010100000101010000000000111001100111111111010111101110000000001000111001110111001000010100110010001110110
11111001110110100011010100111001001111010110000001010001011111110001011100100000001011110111001001110011001111111111110011011100000000010001110011101110010010101001100101101101100
11100101101111011110000110010101001000110110110010111111111011111101011001000110000111000010111011000100010010001011110100011111110001110011110111111110111110001010111000100101001
11001011011110111100001100101010010001101101100101111111110101011010110010011100001111000101110110001000100101010111101100111111100011100111101111111101111100010101110001001010010
10000000111111100000110110110011110101000001110011100010101101111010000100011110001111100111000100110011000101011010101011011000010110011111001111011001100111110010010001101010100
00010111111101011001000010000000111100011001000111011000011100111011101000011010001111100010100001000100000111000001111000010110011101101110001110010001010000111101010000101011001
00101111111010110010000100000001111000110010000110110000111001110111010000110100011111000101000010001000001110000010111110101100111011011100011100100010100001111010100001111010010
00000000100100101011000111111000010100101110000000101000010100101111111101100011000111111111101111000000000000000000000001100111000100110011011111110110110110111100110110100110011
00000000000001000001001111110000111001000110010001100000010000001111001111100011000101101111010100000000000100000000000000010111000111100101111111001010101010100001101011011101111
00000000000001000100010101100111010001001110010011100000000010001110111110100110000101101001011011000000000100000000000000110110000011011011111001101101011101100100011101101110111
00001000000001110111000010001011101000001110011011000101000010001000110100100010000111100001111110000000000100000000000001010010000100011001110001111111001010100101001010001100111
11000111011111101011110000010101100011101000001000111011110010111000101111110101010101010100111101100001010111011110010101110101111101111110100000110110011100111010111111001001010
10011000111101001111001111001100010001001010100001101010100010111110111101111100111000000101010011100000100011001001010101001100001010101101010001001110100110101100001101101100100
00000000000010011011101111001110011001001110010001000100010000000011011010100111000101110000101101000000000100000000000001000101000101001011000000010111110111000101110111100110010
00001000000001001000010111010011110010000110011010000100000010000011011110100011001101110100101001000000000100000000110110100111000110101010110100010100000100100101000100101010100
00001000000110010100110000100100110000101110011000100101000000001100110111100111000101100000000000000000000100000000000000010110000111110110010000000000100011100000100011110011000
11100001011000001001100010111110011101011001001111000001110100011100111110000001011001001010110010100010001000010111000011111010011111000101000001000010001001111101100111001111111
10000010110000010011000101111100111000110011010110000011101000111001111100000010110010010101100101000100010001111111000111110100111110001010000010000100010011111011001110100111110
00000101100000100110001011111001110101100110101100000111010001110011111000000101100100101011001010001000100011010110000111101001111100010100000100001000100111110110011100100111100
00001011001001001100010111111111111011111101011100001110100011100111110000001011001001010110010100010001000110111010111111010011111000101000001000010001001111101100111001111111000
00000000000100100111100011000110110101001110001011001000000000100011111101100010000101111010101010000000000000000000000000000010000000000011011010110101110101000101110101100110010
00000000000000001011001000001101110000001010000010100100000010001101100111100010000111100000000001000000000100000000000001010000000000000101110000000000100000100101100001011101110
00000000100011011101111100101100110110101010001001100110100100100111011000100111000111101111101010000000000000000000000000010101000001011000111111110100100100000101100100001000101
00000000000100100010101111101110101101101110011011000110100100100000101111100010000111100000000001000000000110100000000000000001000100110000010000000001010100100000010100000000000
00000000000001011011010001101000110001001010001010100010010010001101110100100110001011111001111110000000000011110111010011000100000010111011011001111110010111111000010110100110011
00000000000101110101010001011100010001001110000001000000010010001011001011100011000101100000000001000000000000000000000001000011000101010100110000000001101001000101101001011001100
00000010000011100100000010000100110000101110000010100111010010000010110110100110000111110001100001000000000100000000000001100000000101110000000001010001100000100010100000000000001
00000000000011001000111010000111001001101110010001000011000000000101010011100110000111101000000000000000000000000000000001000001000111101001001000000001000001100010000000000100010
00000000110111001010101110110000110001101110000010010001000010000100001000100110000111100000000000000000000000000000000000110001000100100011100000000000110101111000110101101110110
00100010000000011001010101000011100010001010011000100100000010000001100111100011000101110000000000000000000100000000000001000010000001111111100000000001010011000000010010111111110
00110100010101100110101001100011011000110000011001010111111001001010000000111100011110100110101111101111100101110111011010001110100100101011111101111100110101101100010010111001111
11001000100010110000101110011011010000111101001100111011111111010000011110100001000110111110110010100101111010001010011100110101100011101000001010001001010100000000111010101111001
10010001000101100001011100110110100001111010011001110111111110100000011101000010001101111101100101001011110100010100111001101011000111010000010100010010101000000001110101011110011
10000010100010111111000100110000100000101001000101111011110001000100110101101101100001001000100111101101011001001101101101111110100100011111011001010101101111011011110100001100000
00000101000101111110001001100001000101010010010011110111100001001001101011011011000000010001001111011010110010011010001011111101001000111110110010101011011110110111101001001100001
10101010100010000001101110011111101011111001000001111011001101010111011001010111111011010001110011001111010101010001100111010010111011000010010100100110000010110111001100011100101
11110101101101111110100001100010110110101111100101100010010111111010111101010110001100010000001011100100011011000110110110001101011100111011011000101100111010110110000110100101100
11101011011011111101000011000101101101011111010011000100101111010101111010111100011010100000010111001000110111001101100010011010111001110110110001111001110101101100001101001011001
11010110110111111010000110001011011010111110110110001001011111111011110101010000110100000000101110010001101100011010100100110101110011101101100011110011101011011000011010010110011
10101101101111110100001100010110110101111101100100010010111101010111101010110001101010000001011100100011011000110100111101101011110111011011000101100111010110110000110100101100111
01011011011111101000011000101101101011111011010000100101111010111111010101111011010101000010111001000110110001101001101011010111101110110110001111001110101101100001101001011001111
00010110010110101101001100000110110110101011000111011111111001011010100100100111010010110110011111110111010010110111111010000110110111010011101111101101100100011011001100101111000
10001100000100100111100101010000001100001011100000101011111101110001000110110111011101011111010010010100010100001011101010100101100100011000101110101011110111101110000111001110110
10111000100000110010110111111101111001001010110111000011110111110110000010100111000011001101001001010010011001110011111111100010100010001110101100100111010000000100010000011101011
00000000100100111110001100001000110011001110001011110111000000001111011001100010000101101100111100000000000000000000000000100010000000110001111100011110101111100101101110001100110
00000001000011110101110010101101110100001010010011001100010100100010001111100010000101100100010011000000000000000000000001100100000110011000110100101001011001100101011001001000100
00000000000110111110011101010101000000101110010010000001000010000100110110100010000101100000000001000000000100000000000000000011000010110010000000000000000101100001000101100010000
00000000000000100101110000010000010001101110010000000101010010001101011001100011000101110010101001000000000100000000000001100000000010101111000010010101010110000100010110110111010
00000000100111011110001010101100000011101010000000000011010000011010101101000111000101100000000000000000000001000000000000000000000001110100100000000001111010000001111011011001100
00000000000000101101110101010001100101001010000000100010110100100111000110100110000111101000111110000000000100000000000001000001000110001011011000111111011110111000011110100110010
00001000000100011010101010100000111110101010011001101000010010101100111010100111000101100000000001000000000100000000000001000100000100001100100000000000101100100101101100011001100
00000000000111011000001111010110100000001110010011000101000010001101010011100110000111100111101111000000000100000000000000000110000110110101110111110111101001100001101001011101111
01101011111011011001000100101101011101111011000100110100011100111100000100010001000001100010010010010001101110000110010010111111000010101101011001000000100010000111011101001111111
00000000000010110111011001100011010001101010010000000101010000000100001001100110000101111010100000000000000100100000000001100001000001010011001010010000000001111100000001100110010
00000000000000011010111011100001100000001010000000000101010000000010000000000011001101100000000000000000000100000011111111110010000011000001010000000000101001000101101000000100010
00000000000010010100110101101000010100101110010000101001000111100110001100100110000101110011011101000000000000100000000001000001000001110100000011001110101110100101101110010001001
00000000000001111110000101010100011001001110010001100010000000000100001110100010000111101010011011000000000000000000000000000101000111001001001010101100111100100000111101000100010
00000000100110001110101100000110100001001110000011100010000000100010110010110111000101100000000001000000000100100000000001110111000001010100010000000000001111111101001110010001000
00000000000010001111000010001011001000001010010011000100000000000101010001100011000111100110111011000000000000000000000000110111000110101000010110111101111101100000111100000000000
00000000000100101110010110111011100001101110010010100111000000001010000101100011000101110111011011000000000100000000000000000111000100111100100111101101001101111101001101011001101
11000101000001011000010011000000110100010011100101000011110011011010001100111010000101011101100000101101101001111011001110011010101101011111001111110001010010101000010111111001001
00000000000010100010000111111110101000101010010011100011010010000000111000100010000111111101000101000000000100000000000000110110000010011101001101000010101101100100101101010101011
00100000111000001101101110010101111110110011111110010101000111110110110100000000110101000111001011111110010110101111101010110101010100101010010011100101011011100010110011010011001
01110110001101110111111110111101010000011010000110110000000001110011100010001001001010111111111110110100011010011100011000110101001000000010001011101010100110000110001000011101100
11101100011011101111111101111010100100110100010101100000000011100111000100010010010100111110111101101000110100111000001101101010010000000100010111010101001100001100010000001111000
11101111001010110011011001100011100100010101010001011010001001010000001010101100001010001100110010011001011110110011011110001011000001011110000010001010001001011011001111011101110
11011110010101100110110011000111001100101010110010110100010010110000010101011000010110011001100100110010111101100110110110010111000010111100000100000100010010110110011111100011101
10001011010110100001000100011000110110101000000111110010101011011110101000110000001101000010000000101101001100001111110011110011100100101110100100001000110100101111010001110000100
00100001010000101110101010100111000010101101100101111111011000110011010011111000111000110101001000010010101111011100100010111000101000001011100100110001111000011101001101010110110
01000010100001011101010101001110000101011011010011111110110001010110100111111001110000101010010000100101011111111001111101110001010000010111001001100011110000111010011010101101101
10000101000010111010101010011100001010110110110111111101100010011101001111111011100010010100100001001010111101110011111011100010101000101110010011000111100001110100110101011011010
00001010000101110101010100111000010101101101100111111011000100011010011111011111000110101001000010010101111011100110101001000101000001011100100110001111000011101001101010110110101
00000001000000101101100000011100000001001010000000000011000010000110000101100111000111101110111100000000000100000000000000010100000100110001101110011110101111100001101111001100110
00000010000001101101011110010010000101101010000000001000000100100110000110100010000101100000001111000000000000100000000000010010000110001110000000100110000100100100000100110011000
00001000000100111111101110001001100100101010011000001110010100100110110110000111000111101100010010000000000100100000000001110010100111011001111100101000011001100101011000001100110
00000000000100001100111100110011010100101010010000001011000100100111110111100110000101100100010001000000000101100000000001110100000011010111000100001001101111100101101110110111010
00001000000011011010000111101110100001001010011000100110000000001101011011100010000111100000101001000000000101000000000001100011000010111101110000010100111110100100111111011101110
00000000000111000110100111110010000001001110000001100111000000001000010001100011000111100101101010000000000100100000000001100100000010111110010101110100010101100101010101110011001
01011010010001001101001000001111111010100001000010001001110011010011111101000000000001011001000110110110001010001111101111100000000111101001110011001001001000000011110000000110010
00001000000001111110010111101011101010001010011011100101000010000110101100100010000111110000000001000000000100000000000000100100000110000100110000000000111011100100111010011001100
00000110111111101101100100010010110101111111101100010011010001110011110000010001000100000110001001001001000110111110000110011011111100001010110101100100000010001000011101100110111
00111011111110110110010001001011010101111111010101001101000111001111000001000100010000011000100100100100011011000001010001101111110000101011010110010000001000100001110111011111111
11111010001000111100010001001001001100011111001111110000110010111111100000100100100101111011010000101010001111000001011010111000011110101101011001100110111110001001100111001101101
10111000010001111000100010010010011000111101011111100001100101111111000001001001001011110110100001010100011111000011110011110000111101011010110011001101111100010011001110011111011
10100110101011001101010101101101111101100110110000110011111001000001100010110110110010010110010010000010110001111100000111011001100100011000111111111101000110101111111011100111011
10010011011110100110111010010010110101010011101110010111000000111100100101001001000001010111110100101111101100111110100110001011010110011100100110011100110011010110010000100111010
11111000110101110001100101101100100000111001010011011110110011000110101010110110100111010100111001110101010110111010000110101110110010010100010101011111011000100101000110100111000
11110001101111100011001011011101010101110010100110111101100110001101010101101101001110101001110011101010101101110001011101011101100100101000101010111110110001001010001101110110000
00111101011111111010000111111111010111111011001110001011111110100101001011111110111000101000110111111111010100000011001100000011010111111100001100011011011100011101111100100001100
01111010111111110100001111110110001101110110000100010111111101001010010111111101110001010001101111111110101000011110010110000110101111111000011000110110111000111011111001100111001
00101011110111010100001110100101010001110010000111011111001000101011001111011111000111011000001111010111011111111110001110110101000001011101101000001011001111111110010101100111111
01010111101110101000011101001010100101100100001110111110010001010110011110111110001110110000011110101110111111011110000001101010000010111011010000010110011111111100101010100111110
00001000000101001010101011010101100001101110011000000010010010000101011100100110000111101111111111000000000100000000000000110110000010011111011111111110100110000101100110110111011
00001000000001011011111110111001111001101010011011100010010000001111100111100110000111110000000000000000000101000000000000000010000111011001000000000001011010000000011011000100010
00000000000110101011111111100110000001101010010000100010000000001000010010100011000111100000000000000000000100000000000000100001000101101100010000000000101100000000101100010001000
00001000000110010011001111000011111011101010011001100100000000000010110001100011000101110000000000000000000100000000000001000100000111101001000000000001110100000001110100000100010
00001000000100111001001010010100100101001110011000001111010100100010001001100010000101101101000111000000000110100000000001110010000100101101001101100011000010100000000010010101011
00000000000111100000101100100011000110101110010000001011000100100101011010100010000101100000000001000000000101000000000000110000000011100000100000000001011010100101011011001000100
00000000000011011010110011010010000101001010010011101100010100100111001011100101111101100000000001000000000100101111110100010000000010001110110000000000101011100101101010111011100
00000000000100101011011110110000110110101110001000001111000100100111101010100010000101101101111110000000000111100000000000010000000101100011111101111110011010100001011010101110111
00000000000001010101101101100100100101101110000000001011010110101011100111100011000101100111110001000000000000100000000000100000000101001110100111011001101001111000101000111011101
00000000000101101110110011001011100101101110000000101010010100101110000111100111000101111011110010000000000100000000000001000000000010101111001011111000110000100001110001110111011
00000000000101011111111110010010110111101010001001101100000110101101000111100111000111101111001110000000000000000000000001000000000101010101111111100110110011000100110011011101111
00000000100000111011110010100100000111101010000011001101010100100111101111100011000111101110110110000000000001100000000000000001000000001011101110111011011000000101011001101110110
00000000000100101011100001011001100101001110010001101001000100100101000111100010000111110000000000000000000100100000000001110100000011110010000000000001100000000001100001100010000
00000000000010011111100000100010010100001110010000101000010110100111010111100110011001100000000000000000000111111111110000010011000110001001100000000001000000011000000001001100110
00000000000101110111101101011110010100101110000010101110010100100111001110100010000111101011100010000000000000100000000001000100000101100110011011110001100000100100100000110011001
00000000000000101011111100110101101101101010011001101101010100100111100010100011000101111001000011000000000100000000000000000010000111001101011001100001010000100001010000010101011
00000000000101001011100011111001100101101010000000001001000110100101101000100110000101100011000010000000000000100000000001100000000101101100010011100000110001000100110000010001001
00000000000100001001001101110110110100001110010010001110010100100111001010100110000111101111111111111111111100000000000001110000000010101100010011001001101000000100101001010001001
00001000000010000100110011011011010001101010010000000011000010000100101110100110000111100111011111000000000100000000000000000001000011111000100111101111101000100000101000001000101
00001000000111011010100100110110110001101010000000000110000000000001011110100110000111111010010011000000000100000000000000000101000001011011011010101001000101111101000101100110010
00001000000101000100010110110010100000001110000000000100010010001011100010100111000101111111110110000000000100000000000000010011000101010101111111111010111000100001111001011101111
00001000000001011100110111101000110000101010000000100101000010001111010000100111000101110001110111000000000100000000000000110101000110001011100001111011010111111001010111101110111
00000010000111000001111100010011110000101010010010100000000000001010010100100110000101100000000000000000000000000000000001000010000000011011010000000000010010111110010011100110010
00000010000101101001111101101001100100001110000010100111100100100010011110100110000111111010000111000000000000100000000000000000000100101001011010100010110010000100110010000100010
00000010000111101101010000011101100101001010011010100000110100100000101010100111000101110011000111000000000000000000000001000010000001011100010011100011110011100000110011010001001
00000010000110011100011110111001010000100110000001100000000010000001010100100011000111110000000000000000000001000000000000010000000110011001010000000001011010111001011011000100010
