test    1: 11110010000110111010100010100101010010101 11110010000110111010100010100101  229 faults detected
	   1228gat /1
	   1324gat /0
	   1gat /0
	   1132gat /0
	   1036gat->1132gat /1
	   1036gat /1
	   996gat->1036gat /1
	   29gat /1
	   57gat /1
	   85gat /0
	   113gat /0
	   120gat /1
	   127gat /0
	   134gat /1
	   141gat /0
	   148gat /1
	   155gat /1
	   162gat /1
	   996gat /1
	   169gat /0
	   197gat /1
	   8gat /0
	   15gat /0
	   22gat /0
	   607gat /0
	   573gat /1
	   432gat /1
	   36gat->367gat /1
	   29gat->366gat /1
	   36gat /1
	   525gat /0
	   432gat->525gat /1
	   368gat /1
	   435gat /0
	   43gat /0
	   275gat /0
	   50gat->275gat /1
	   50gat /1
	   176gat /1
	   204gat /0
	   64gat /1
	   71gat /1
	   78gat /0
	   576gat /1
	   617gat /0
	   374gat /1
	   444gat /0
	   284gat /0
	   92gat->284gat /1
	   92gat /1
	   531gat /0
	   447gat->531gat /1
	   447gat /1
	   287gat->377gat /1
	   287gat->376gat /1
	   99gat /0
	   287gat /1
	   106gat /0
	   183gat /0
	   211gat /1
	   190gat /1
	   218gat /0
	   1230gat /1
	   1325gat /0
	   1135gat /0
	   1039gat->1135gat /1
	   1039gat /1
	   1232gat /1
	   1326gat /0
	   1138gat /0
	   1042gat->1138gat /1
	   1042gat /1
	   996gat->1042gat /1
	   1234gat /1
	   1327gat /0
	   1141gat /0
	   1045gat->1141gat /1
	   1045gat /1
	   1328gat /1
	   1048gat->1237gat /1
	   29gat->1236gat /1
	   1048gat /1
	   1001gat->1048gat /1
	   1001gat /1
	   1329gat /1
	   1051gat->1239gat /1
	   36gat->1238gat /1
	   1051gat /1
	   1240gat /1
	   1330gat /0
	   1150gat /0
	   1054gat->1150gat /1
	   1054gat /1
	   1001gat->1054gat /1
	   1331gat /1
	   1057gat->1243gat /1
	   50gat->1242gat /1
	   1057gat /1
	   1332gat /1
	   1060gat->1245gat /1
	   57gat->1244gat /1
	   1060gat /1
	   1006gat->1060gat /1
	   1006gat /1
	   1333gat /1
	   1063gat->1247gat /1
	   64gat->1246gat /1
	   1063gat /1
	   1334gat /1
	   1066gat->1249gat /1
	   71gat->1248gat /1
	   1066gat /1
	   1006gat->1066gat /1
	   1250gat /1
	   1335gat /0
	   1165gat /0
	   1069gat->1165gat /1
	   1069gat /1
	   1252gat /1
	   1336gat /0
	   1168gat /0
	   1072gat->1168gat /1
	   1072gat /1
	   1011gat->1072gat /1
	   1011gat /1
	   1337gat /1
	   1075gat->1255gat /1
	   92gat->1254gat /1
	   1075gat /1
	   1256gat /1
	   1338gat /0
	   1174gat /0
	   1078gat->1174gat /1
	   1078gat /1
	   1011gat->1078gat /1
	   1258gat /1
	   1339gat /0
	   1177gat /0
	   1081gat->1177gat /1
	   1081gat /1
	   1260gat /1
	   1340gat /0
	   1180gat /0
	   1084gat->1180gat /1
	   1084gat /1
	   1016gat->1084gat /1
	   1016gat /1
	   991gat->1016gat /1
	   991gat /1
	   1341gat /1
	   1087gat->1263gat /1
	   120gat->1262gat /1
	   1087gat /1
	   1016gat->1087gat /1
	   1264gat /1
	   1342gat /0
	   1186gat /0
	   1090gat->1186gat /1
	   1090gat /1
	   1343gat /1
	   1093gat->1267gat /1
	   134gat->1266gat /1
	   1093gat /1
	   1016gat->1093gat /1
	   1268gat /1
	   1344gat /0
	   1192gat /0
	   1096gat->1192gat /1
	   1096gat /1
	   1021gat->1096gat /1
	   1021gat /1
	   1345gat /1
	   1099gat->1271gat /1
	   148gat->1270gat /1
	   1099gat /1
	   1021gat->1099gat /1
	   1346gat /1
	   1102gat->1273gat /1
	   155gat->1272gat /1
	   1102gat /1
	   1347gat /1
	   1105gat->1275gat /1
	   162gat->1274gat /1
	   1105gat /1
	   1021gat->1105gat /1
	   1276gat /1
	   1348gat /0
	   1204gat /0
	   1108gat->1204gat /1
	   1108gat /1
	   1026gat->1108gat /1
	   1026gat /1
	   1349gat /1
	   1111gat->1279gat /1
	   176gat->1278gat /1
	   1111gat /1
	   1026gat->1111gat /1
	   1280gat /1
	   1350gat /0
	   1210gat /0
	   1114gat->1210gat /1
	   1114gat /1
	   1351gat /1
	   1117gat->1283gat /1
	   190gat->1282gat /1
	   1117gat /1
	   1026gat->1117gat /1
	   1352gat /1
	   1120gat->1285gat /1
	   197gat->1284gat /1
	   1120gat /1
	   1031gat->1120gat /1
	   1031gat /1
	   1286gat /1
	   1353gat /0
	   1219gat /0
	   1123gat->1219gat /1
	   1123gat /1
	   1031gat->1123gat /1
	   1354gat /1
	   1126gat->1289gat /1
	   211gat->1288gat /1
	   1126gat /1
	   1290gat /1
	   1355gat /0
	   1225gat /0
	   1129gat->1225gat /1
	   1129gat /1
	   1031gat->1129gat /1
test    2: 11100101111100010010011101100100100111101 11100101111100010010011101100100  188 faults detected
	   819gat /1
	   834gat /0
	   642gat /1
	   546gat->587gat /1
	   546gat->586gat /1
	   394gat /1
	   474gat /0
	   314gat /0
	   29gat->314gat /1
	   546gat /1
	   477gat /0
	   396gat /1
	   57gat /0
	   317gat /0
	   85gat->317gat /1
	   85gat /1
	   794gat /0
	   642gat->794gat /1
	   770gat /0
	   754gat /1
	   242gat /0
	   730gat /0
	   718gat->730gat /1
	   718gat /1
	   678gat->699gat /1
	   678gat->698gat /1
	   113gat /1
	   678gat /1
	   141gat /1
	   148gat /0
	   155gat /0
	   162gat /0
	   169gat /1
	   22gat /1
	   36gat /0
	   43gat /1
	   50gat /0
	   886gat /0
	   828gat /1
	   657gat /0
	   596gat /1
	   504gat /0
	   415gat /1
	   344gat /0
	   120gat->344gat /1
	   561gat /0
	   507gat->561gat /1
	   507gat /1
	   347gat->417gat /1
	   347gat->416gat /1
	   176gat /0
	   347gat /1
	   809gat /0
	   785gat->809gat /1
	   785gat /1
	   745gat->765gat /1
	   745gat->764gat /1
	   257gat /0
	   745gat /1
	   709gat /0
	   693gat /1
	   64gat /0
	   71gat /0
	   669gat /0
	   612gat->669gat /1
	   99gat /1
	   830gat /1
	   912gat /0
	   599gat /1
	   660gat /0
	   510gat /1
	   350gat->419gat /1
	   350gat->418gat /1
	   350gat /1
	   564gat /0
	   510gat->564gat /1
	   513gat /0
	   420gat /1
	   353gat /0
	   211gat->353gat /1
	   812gat /0
	   788gat->812gat /1
	   788gat /1
	   748gat->767gat /1
	   748gat->766gat /1
	   260gat /0
	   748gat /1
	   694gat /1
	   712gat /0
	   672gat /0
	   612gat->672gat /1
	   218gat /1
	   986gat /1
	   948gat /1
	   941gat /1
	   860gat /0
	   823gat /1
	   648gat /1
	   552gat->591gat /1
	   552gat->590gat /1
	   486gat /0
	   402gat /1
	   326gat /0
	   43gat->326gat /1
	   552gat /1
	   404gat /1
	   489gat /0
	   329gat /0
	   99gat->329gat /1
	   800gat /0
	   648gat->800gat /1
	   759gat /1
	   776gat /0
	   248gat /1
	   227gat /1
	   736gat /0
	   248gat->736gat /1
	   724gat /0
	   702gat /1
	   684gat /0
	   632gat->684gat /1
	   1327gat /1
	   1045gat->1235gat /1
	   22gat->1234gat /1
	   1238gat /1
	   1329gat /0
	   1147gat /0
	   1051gat->1147gat /1
	   1330gat /1
	   1054gat->1241gat /1
	   43gat->1240gat /1
	   1242gat /1
	   1331gat /0
	   1153gat /0
	   1057gat->1153gat /1
	   1244gat /1
	   1332gat /0
	   1156gat /0
	   1060gat->1156gat /1
	   986gat->1006gat /1
	   1246gat /1
	   1333gat /0
	   1159gat /0
	   1063gat->1159gat /1
	   1248gat /1
	   1334gat /0
	   1162gat /0
	   1066gat->1162gat /1
	   1336gat /1
	   1072gat->1253gat /1
	   85gat->1252gat /1
	   1338gat /1
	   1078gat->1257gat /1
	   99gat->1256gat /1
	   1340gat /1
	   1084gat->1261gat /1
	   113gat->1260gat /1
	   965gat /1
	   962gat /1
	   1016gat->1090gat /1
	   1344gat /1
	   1096gat->1269gat /1
	   141gat->1268gat /1
	   1270gat /1
	   1345gat /0
	   1195gat /0
	   1099gat->1195gat /1
	   1272gat /1
	   1346gat /0
	   1198gat /0
	   1102gat->1198gat /1
	   1021gat->1102gat /1
	   1274gat /1
	   1347gat /0
	   1201gat /0
	   1105gat->1201gat /1
	   1348gat /1
	   1108gat->1277gat /1
	   169gat->1276gat /1
	   1278gat /1
	   1349gat /0
	   1207gat /0
	   1111gat->1207gat /1
	   1026gat->1114gat /1
	   1031gat->1126gat /1
	   1355gat /1
	   1129gat->1291gat /1
	   218gat->1290gat /1
test    3: 00011010011101101100001110000001001111001 00011010011101101100001110000001  103 faults detected
	   1324gat /1
	   1036gat->1229gat /1
	   1gat->1228gat /1
	   1gat /1
	   818gat /1
	   586gat /1
	   642gat /0
	   395gat /1
	   1gat->314gat /1
	   29gat /0
	   546gat /0
	   477gat->546gat /1
	   477gat /1
	   85gat->397gat /1
	   57gat->396gat /1
	   770gat->794gat /1
	   770gat /1
	   718gat->755gat /1
	   242gat->754gat /1
	   242gat /1
	   225gat /1
	   627gat->699gat /1
	   622gat->698gat /1
	   120gat /0
	   127gat /1
	   8gat /1
	   15gat /1
	   414gat /1
	   148gat->344gat /1
	   204gat->417gat /1
	   176gat->416gat /1
	   204gat /1
	   692gat /1
	   617gat->669gat /1
	   92gat /0
	   106gat /1
	   598gat /1
	   419gat /1
	   510gat /0
	   350gat /0
	   127gat->350gat /1
	   513gat->564gat /1
	   513gat /1
	   211gat->421gat /1
	   183gat->420gat /1
	   183gat /1
	   712gat->767gat /1
	   260gat->766gat /1
	   260gat /1
	   231gat /1
	   712gat /1
	   672gat->695gat /1
	   672gat->694gat /1
	   672gat /1
	   822gat /1
	   648gat /0
	   590gat /1
	   403gat /1
	   15gat->326gat /1
	   552gat /0
	   489gat->552gat /1
	   489gat /1
	   329gat->405gat /1
	   329gat->404gat /1
	   329gat /1
	   776gat->800gat /1
	   776gat /1
	   736gat->759gat /1
	   736gat->758gat /1
	   248gat /0
	   736gat /1
	   703gat /1
	   622gat->684gat /1
	   1325gat /1
	   1039gat->1231gat /1
	   8gat->1230gat /1
	   1326gat /1
	   1042gat->1233gat /1
	   15gat->1232gat /1
	   1236gat /1
	   1328gat /0
	   1144gat /0
	   1048gat->1144gat /1
	   1254gat /1
	   1337gat /0
	   1171gat /0
	   1075gat->1171gat /1
	   1339gat /1
	   1081gat->1259gat /1
	   106gat->1258gat /1
	   1262gat /1
	   1341gat /0
	   1183gat /0
	   1087gat->1183gat /1
	   1342gat /1
	   1090gat->1265gat /1
	   127gat->1264gat /1
	   1350gat /1
	   1114gat->1281gat /1
	   183gat->1280gat /1
	   1353gat /1
	   1123gat->1287gat /1
	   204gat->1286gat /1
test    4: 11001101101100011100000100101100011111101 11001101101100011100000100101100   10 faults detected
	   233gat /0
	   197gat /0
	   996gat->1045gat /1
	   1001gat->1057gat /1
	   1006gat->1069gat /1
	   1011gat->1081gat /1
	   1284gat /1
	   1352gat /0
	   1216gat /0
	   1120gat->1216gat /1
test    5: 00001110111011111011110010101100011011011 00001110111011111011110010101100    9 faults detected
	   134gat /0
	   78gat /1
	   1335gat /1
	   1069gat->1251gat /1
	   78gat->1250gat /1
	   1266gat /1
	   1343gat /0
	   1189gat /0
	   1093gat->1189gat /1
test    6: 00100011010111010110111110110000101101100 00100011010111010110111110110000    9 faults detected
	   190gat /0
	   996gat->1039gat /1
	   1001gat->1051gat /1
	   1006gat->1063gat /1
	   1011gat->1075gat /1
	   1282gat /1
	   1351gat /0
	   1213gat /0
	   1117gat->1213gat /1
test    7: 01010111111000110000110010010101001000101 01010111111000110000110010010101    0 faults detected
test    8: 00010100111001101111110111101000111101110 00010100111001101111110111101000   33 faults detected
	   233gat /1
	   489gat->591gat /1
	   486gat->590gat /1
	   486gat /1
	   43gat->403gat /1
	   15gat->402gat /1
	   233gat->248gat /1
	   824gat /1
	   873gat /0
	   592gat /1
	   651gat /0
	   406gat /1
	   492gat /0
	   332gat /0
	   50gat->332gat /1
	   555gat /0
	   495gat->555gat /1
	   495gat /1
	   106gat->409gat /1
	   78gat->408gat /1
	   803gat /0
	   779gat->803gat /1
	   779gat /1
	   727gat->761gat /1
	   251gat->760gat /1
	   251gat /1
	   233gat->251gat /1
	   727gat /1
	   687gat->705gat /1
	   687gat->704gat /1
	   687gat /1
	   975gat /1
	   977gat /1
test    9: 00010101100101001001001110001000101111100 00010101100101001001001110001000   48 faults detected
	   587gat /1
	   474gat /1
	   29gat->395gat /1
	   1gat->394gat /1
	   474gat->546gat /1
	   233gat->242gat /1
	   829gat /1
	   657gat /1
	   507gat->597gat /1
	   504gat->596gat /1
	   504gat /1
	   148gat->415gat /1
	   120gat->414gat /1
	   657gat->809gat /1
	   765gat /1
	   785gat /0
	   257gat /1
	   233gat->257gat /1
	   745gat /0
	   257gat->745gat /1
	   899gat /0
	   833gat /1
	   663gat /1
	   519gat->601gat /1
	   516gat->600gat /1
	   516gat /1
	   356gat->423gat /1
	   356gat->422gat /1
	   356gat /1
	   519gat /1
	   218gat->425gat /1
	   190gat->424gat /1
	   815gat /0
	   663gat->815gat /1
	   769gat /1
	   791gat /0
	   263gat /1
	   751gat /0
	   263gat->751gat /1
	   715gat /0
	   697gat /1
	   675gat /0
	   607gat->675gat /1
	   99gat->405gat /1
	   71gat->404gat /1
	   986gat->1011gat /1
	   966gat /1
	   959gat /1
test   10: 11010100010111101101011010010000111110111 11010100010111101101011010010000    0 faults detected
test   11: 01110100010101001010110110101101111100111 01110100010101011010110110101101  211 faults detected
	   834gat /1
	   770gat->819gat /1
	   642gat->818gat /1
	   477gat->587gat /1
	   474gat->586gat /1
	   730gat->755gat /1
	   730gat->754gat /1
	   730gat /1
	   699gat /1
	   718gat /0
	   622gat /1
	   534gat->579gat /1
	   534gat->578gat /1
	   378gat /1
	   450gat /0
	   290gat /0
	   120gat->290gat /1
	   534gat /1
	   453gat /0
	   380gat /1
	   293gat /0
	   134gat->293gat /1
	   678gat /0
	   622gat->678gat /1
	   627gat /0
	   581gat /1
	   456gat /1
	   296gat->383gat /1
	   296gat->382gat /1
	   296gat /1
	   537gat /0
	   456gat->537gat /1
	   385gat /1
	   459gat /0
	   299gat /0
	   155gat->299gat /1
	   925gat /1
	   782gat->827gat /1
	   654gat->826gat /1
	   654gat /1
	   501gat->595gat /1
	   498gat->594gat /1
	   498gat /1
	   338gat->411gat /1
	   338gat->410gat /1
	   338gat /1
	   501gat /1
	   341gat->413gat /1
	   341gat->412gat /1
	   341gat /1
	   782gat /1
	   706gat->763gat /1
	   254gat->762gat /1
	   254gat /1
	   229gat /1
	   706gat /1
	   666gat->691gat /1
	   666gat->690gat /1
	   570gat /1
	   602gat /0
	   363gat /1
	   426gat /0
	   266gat /0
	   1gat->266gat /1
	   522gat /0
	   429gat->522gat /1
	   429gat /1
	   269gat->365gat /1
	   269gat->364gat /1
	   269gat /1
	   666gat /1
	   572gat /1
	   432gat /0
	   367gat /1
	   272gat /0
	   29gat->272gat /1
	   435gat->525gat /1
	   435gat /1
	   50gat->369gat /1
	   43gat->368gat /1
	   561gat->597gat /1
	   561gat->596gat /1
	   561gat /1
	   417gat /1
	   507gat /0
	   347gat /0
	   176gat->347gat /1
	   230gat /1
	   612gat /1
	   528gat->575gat /1
	   528gat->574gat /1
	   438gat /0
	   371gat /1
	   278gat /0
	   57gat->278gat /1
	   528gat /1
	   373gat /1
	   441gat /0
	   281gat /0
	   71gat->281gat /1
	   375gat /1
	   85gat->284gat /1
	   106gat->377gat /1
	   99gat->376gat /1
	   912gat /1
	   788gat->831gat /1
	   660gat->830gat /1
	   660gat /1
	   564gat->599gat /1
	   564gat->598gat /1
	   418gat /1
	   155gat->350gat /1
	   564gat /1
	   567gat->601gat /1
	   567gat->600gat /1
	   516gat /0
	   423gat /1
	   356gat /0
	   134gat->356gat /1
	   567gat /1
	   425gat /1
	   519gat /0
	   359gat /0
	   190gat->359gat /1
	   768gat /1
	   263gat /0
	   715gat->751gat /1
	   715gat /1
	   675gat->697gat /1
	   675gat->696gat /1
	   675gat /1
	   978gat /0
	   986gat /0
	   847gat /1
	   773gat->821gat /1
	   645gat->820gat /1
	   645gat /1
	   483gat->589gat /1
	   480gat->588gat /1
	   480gat /1
	   320gat->399gat /1
	   320gat->398gat /1
	   320gat /1
	   483gat /1
	   323gat->401gat /1
	   323gat->400gat /1
	   323gat /1
	   773gat /1
	   733gat->757gat /1
	   733gat->756gat /1
	   245gat /0
	   733gat /1
	   721gat /0
	   701gat /1
	   632gat /1
	   540gat->583gat /1
	   540gat->582gat /1
	   462gat /0
	   386gat /1
	   302gat /0
	   176gat->302gat /1
	   540gat /1
	   388gat /1
	   465gat /0
	   305gat /0
	   190gat->305gat /1
	   681gat /0
	   632gat->681gat /1
	   585gat /1
	   637gat /0
	   468gat /1
	   308gat->391gat /1
	   308gat->390gat /1
	   308gat /1
	   543gat /0
	   468gat->543gat /1
	   471gat /0
	   393gat /1
	   311gat /0
	   211gat->311gat /1
	   860gat /1
	   800gat->823gat /1
	   800gat->822gat /1
	   800gat /1
	   758gat /1
	   724gat->736gat /1
	   724gat /1
	   632gat->703gat /1
	   622gat->702gat /1
	   825gat /1
	   651gat /1
	   555gat->593gat /1
	   555gat->592gat /1
	   555gat /1
	   495gat /0
	   408gat /1
	   335gat /0
	   106gat->335gat /1
	   651gat->803gat /1
	   779gat /0
	   760gat /1
	   251gat /0
	   739gat /0
	   727gat->739gat /1
	   834gat->1072gat /1
	   1011gat /0
	   847gat->1075gat /1
	   860gat->1078gat /1
	   1259gat /1
	   106gat->1177gat /1
	   1081gat /0
test   12: 10001101100110111100111001100000010010100 10001101100110111100111001100000   31 faults detected
	   314gat->395gat /1
	   314gat->394gat /1
	   314gat /1
	   317gat->397gat /1
	   317gat->396gat /1
	   317gat /1
	   755gat /1
	   242gat->730gat /1
	   847gat /0
	   820gat /1
	   645gat /0
	   588gat /1
	   480gat /0
	   399gat /1
	   320gat /0
	   8gat->320gat /1
	   549gat /0
	   483gat->549gat /1
	   92gat->401gat /1
	   64gat->400gat /1
	   797gat /0
	   773gat->797gat /1
	   721gat->757gat /1
	   245gat->756gat /1
	   245gat /1
	   233gat->245gat /1
	   721gat /1
	   637gat->701gat /1
	   632gat->700gat /1
	   970gat /1
	   974gat /1
test   13: 01011010011001101011001010000100010000111 01011010011001101011001010000100   12 faults detected
	   578gat /1
	   622gat /0
	   534gat /0
	   453gat->534gat /1
	   453gat /1
	   293gat->381gat /1
	   293gat->380gat /1
	   293gat /1
	   148gat->383gat /1
	   141gat->382gat /1
	   384gat /1
	   162gat->299gat /1
test   14: 00110101000101000010011011100101010101111 00110101000101000010011011100101   12 faults detected
	   602gat /1
	   429gat->571gat /1
	   426gat->570gat /1
	   426gat /1
	   8gat->363gat /1
	   1gat->362gat /1
	   607gat /1
	   525gat->573gat /1
	   525gat->572gat /1
	   525gat /1
	   369gat /1
	   43gat->275gat /1
test   15: 10000001001111111111011100101101110000111 10000001001111111111011100101101    0 faults detected
test   16: 00000100111001011000011111001001000101100 00000100111001011000011111001001    2 faults detected
	   947gat /1
	   944gat /1
test   17: 00110100010110011001011110011101110001101 00110100010110011001011110011101   12 faults detected
	   381gat /1
	   127gat->293gat /1
	   580gat /1
	   456gat /0
	   383gat /1
	   296gat /0
	   141gat->296gat /1
	   459gat->537gat /1
	   459gat /1
	   299gat->385gat /1
	   299gat->384gat /1
	   299gat /1
test   18: 11000011110011010000011001101101010000100 11000011110011010000011001101101   14 faults detected
	   724gat->759gat /1
	   248gat->758gat /1
	   407gat /1
	   22gat->332gat /1
	   409gat /1
	   78gat->335gat /1
	   761gat /1
	   251gat->739gat /1
	   705gat /1
	   727gat /0
	   687gat /0
	   627gat->687gat /1
	   971gat /1
	   973gat /1
test   19: 00000010101001000011111110111101110111010 00000010101001000011111110111101    0 faults detected
test   20: 10000001110011010100010110100000000110100 10000001110011010100010110100000   20 faults detected
	   826gat /1
	   925gat /0
	   595gat /1
	   654gat /0
	   141gat->411gat /1
	   113gat->410gat /1
	   558gat /0
	   498gat->558gat /1
	   501gat /0
	   412gat /1
	   341gat /0
	   197gat->341gat /1
	   806gat /0
	   782gat->806gat /1
	   233gat->254gat /1
	   344gat->415gat /1
	   344gat->414gat /1
	   344gat /1
	   952gat /1
	   956gat /1
test   21: 11000111001011111001010110101000110001001 11000111001011111001010110101000    0 faults detected
test   22: 11010001100110101010101101001100111001100 11010001100110101010101101001100   30 faults detected
	   794gat->819gat /1
	   794gat->818gat /1
	   794gat /1
	   797gat->821gat /1
	   797gat->820gat /1
	   398gat /1
	   36gat->320gat /1
	   797gat /1
	   757gat /1
	   773gat /0
	   733gat /0
	   245gat->733gat /1
	   700gat /1
	   637gat->681gat /1
	   591gat /1
	   486gat->552gat /1
	   405gat /1
	   71gat->329gat /1
	   873gat /1
	   803gat->825gat /1
	   803gat->824gat /1
	   593gat /1
	   492gat /1
	   332gat->407gat /1
	   332gat->406gat /1
	   332gat /1
	   492gat->555gat /1
	   803gat /1
	   704gat /1
	   637gat->687gat /1
test   23: 11110011000111000000110100010001100110100 11110011000111000000110100010001    0 faults detected
test   24: 00110101011010101001110100001000001111001 00110101011010101001110100001000   36 faults detected
	   806gat->827gat /1
	   806gat->826gat /1
	   413gat /1
	   169gat->341gat /1
	   806gat /1
	   782gat /0
	   762gat /1
	   254gat /0
	   742gat /0
	   706gat->742gat /1
	   607gat->691gat /1
	   602gat->690gat /1
	   886gat /1
	   809gat->829gat /1
	   809gat->828gat /1
	   809gat /1
	   764gat /1
	   709gat->745gat /1
	   709gat /1
	   617gat->693gat /1
	   612gat->692gat /1
	   513gat->599gat /1
	   510gat->598gat /1
	   155gat->419gat /1
	   127gat->418gat /1
	   612gat->695gat /1
	   602gat->694gat /1
	   899gat /1
	   791gat->833gat /1
	   663gat->832gat /1
	   791gat /1
	   715gat->769gat /1
	   263gat->768gat /1
	   232gat /1
	   617gat->697gat /1
	   607gat->696gat /1
test   25: 01110101100110100011001000010000001101100 01110101100110100011001000010000   15 faults detected
	   453gat->579gat /1
	   450gat->578gat /1
	   450gat /1
	   120gat->379gat /1
	   113gat->378gat /1
	   986gat->996gat /1
	   632gat /0
	   583gat /1
	   462gat /1
	   176gat->387gat /1
	   169gat->386gat /1
	   540gat /0
	   462gat->540gat /1
	   389gat /1
	   183gat->305gat /1
test   26: 01101100011001100110110110110101011101111 01101100011001100110110110110101   13 faults detected
	   925gat->996gat /1
	   558gat->595gat /1
	   558gat->594gat /1
	   411gat /1
	   498gat /0
	   338gat /0
	   113gat->338gat /1
	   558gat /1
	   597gat /1
	   504gat->561gat /1
	   886gat->1006gat /1
	   834gat->1016gat /1
	   847gat->1026gat /1
test   27: 11101110000101001101111011000101110011111 11101110000101001101111011000101    8 faults detected
	   669gat->693gat /1
	   669gat->692gat /1
	   669gat /1
	   422gat /1
	   162gat->356gat /1
	   326gat->403gat /1
	   326gat->402gat /1
	   326gat /1
test   28: 10000001001011000110011111101101000101101 10000001001011000110011111101101    5 faults detected
	   379gat /1
	   113gat->290gat /1
	   302gat->387gat /1
	   302gat->386gat /1
	   302gat /1
test   29: 00110110111000011001011011001101011010010 00110110111000011001011011001101    0 faults detected
test   30: 01100101010101010111010011011000111011111 01100101010101010111010011011000   12 faults detected
	   162gat->385gat /1
	   155gat->384gat /1
	   584gat /1
	   390gat /1
	   468gat /0
	   308gat /0
	   204gat->308gat /1
	   471gat->543gat /1
	   471gat /1
	   218gat->393gat /1
	   211gat->392gat /1
	   986gat->1001gat /1
test   31: 10101101000110001111011111001000110001110 10101101001110001111011111001000   63 faults detected
	   397gat /1
	   57gat->317gat /1
	   290gat->379gat /1
	   290gat->378gat /1
	   290gat /1
	   594gat /1
	   410gat /1
	   141gat->338gat /1
	   501gat->558gat /1
	   763gat /1
	   254gat->742gat /1
	   691gat /1
	   706gat /0
	   522gat->571gat /1
	   522gat->570gat /1
	   362gat /1
	   8gat->266gat /1
	   522gat /1
	   429gat /0
	   364gat /1
	   269gat /0
	   22gat->269gat /1
	   666gat /0
	   602gat->666gat /1
	   272gat->367gat /1
	   272gat->366gat /1
	   272gat /1
	   416gat /1
	   204gat->347gat /1
	   709gat->765gat /1
	   257gat->764gat /1
	   612gat /0
	   575gat /1
	   438gat /1
	   64gat->371gat /1
	   57gat->370gat /1
	   528gat /0
	   438gat->528gat /1
	   831gat /1
	   660gat->812gat /1
	   788gat /0
	   767gat /1
	   233gat->260gat /1
	   748gat /0
	   260gat->748gat /1
	   695gat /1
	   602gat->672gat /1
	   233gat->263gat /1
	   979gat /0
	   465gat->583gat /1
	   462gat->582gat /1
	   465gat /1
	   190gat->389gat /1
	   183gat->388gat /1
	   779gat->825gat /1
	   651gat->824gat /1
	   834gat->1060gat /1
	   1006gat /0
	   847gat->1063gat /1
	   1249gat /1
	   71gat->1162gat /1
	   1066gat /0
	   873gat->1069gat /1
test   32: 11111101000110101111101001000001000011101 11111101000110101110101001000001   47 faults detected
	   627gat /1
	   537gat->581gat /1
	   537gat->580gat /1
	   382gat /1
	   148gat->296gat /1
	   537gat /1
	   197gat->413gat /1
	   169gat->412gat /1
	   742gat->763gat /1
	   742gat->762gat /1
	   742gat /1
	   266gat->363gat /1
	   266gat->362gat /1
	   266gat /1
	   785gat->829gat /1
	   657gat->828gat /1
	   617gat /1
	   531gat->577gat /1
	   531gat->576gat /1
	   531gat /1
	   447gat /0
	   376gat /1
	   287gat /0
	   106gat->287gat /1
	   696gat /1
	   617gat->675gat /1
	   226gat /1
	   681gat->701gat /1
	   681gat->700gat /1
	   582gat /1
	   387gat /1
	   169gat->302gat /1
	   465gat->540gat /1
	   681gat /1
	   204gat->391gat /1
	   197gat->390gat /1
	   228gat /1
	   925gat->1084gat /1
	   1016gat /0
	   982gat /0
	   991gat /0
	   886gat->1087gat /1
	   912gat->1090gat /1
	   1189gat->1267gat /1
	   1189gat->1266gat /1
	   1189gat /1
	   1093gat /0
test   33: 10110001000100010110101110010100100000100 10110001000100010110101110010100    2 faults detected
	   424gat /1
	   218gat->359gat /1
test   34: 01100110110111011010000110010000111001110 01100110110111011010000010010000   34 faults detected
	   278gat->371gat /1
	   278gat->370gat /1
	   278gat /1
	   577gat /1
	   444gat /1
	   284gat->375gat /1
	   284gat->374gat /1
	   284gat /1
	   444gat->531gat /1
	   377gat /1
	   99gat->287gat /1
	   812gat->831gat /1
	   812gat->830gat /1
	   812gat /1
	   637gat /1
	   471gat->585gat /1
	   468gat->584gat /1
	   776gat->823gat /1
	   648gat->822gat /1
	   495gat->593gat /1
	   492gat->592gat /1
	   50gat->407gat /1
	   22gat->406gat /1
	   335gat->409gat /1
	   335gat->408gat /1
	   335gat /1
	   925gat->1096gat /1
	   1021gat /0
	   886gat->1099gat /1
	   912gat->1102gat /1
	   1201gat->1275gat /1
	   1201gat->1274gat /1
	   1201gat /1
	   1105gat /0
test   35: 01011111101100100010010111000100001011101 01011111101100100010010111000100    4 faults detected
	   698gat /1
	   627gat->678gat /1
	   821gat /1
	   645gat->797gat /1
test   36: 11111110010100110011000011011000111101101 11111110010100110011000011011000    2 faults detected
	   459gat->581gat /1
	   456gat->580gat /1
test   37: 01110100101110111000001101000100101000000 01110100101110111000001101000100    0 faults detected
test   38: 00110101111111110001010000011101011111110 00110101111111110001010000011101   17 faults detected
	   832gat /1
	   663gat /0
	   600gat /1
	   567gat /0
	   519gat->567gat /1
	   359gat->425gat /1
	   359gat->424gat /1
	   359gat /1
	   791gat->815gat /1
	   945gat /1
	   942gat /1
	   684gat->703gat /1
	   684gat->702gat /1
	   684gat /1
	   969gat /1
	   958gat /1
	   991gat->1026gat /1
test   39: 01111101001001110110111000011001001101001 01111101001001110110111000011001    3 faults detected
	   543gat->585gat /1
	   543gat->584gat /1
	   543gat /1
test   40: 10101110000111101101011110100000011011001 10101110000111101101011110100000    2 faults detected
	   579gat /1
	   450gat->534gat /1
test   41: 10001100111001001110000011000101101010101 10001100111001001110000011000101    0 faults detected
test   42: 10010010010000110010001101111001001010111 10010010010000110010001101111001    5 faults detected
	   951gat /1
	   751gat->769gat /1
	   751gat->768gat /1
	   751gat /1
	   953gat /1
test   43: 11001001011110000011001111100101101001101 11001001011110000011001111100101    8 faults detected
	   22gat->365gat /1
	   15gat->364gat /1
	   574gat /1
	   441gat->528gat /1
	   441gat /1
	   281gat->373gat /1
	   281gat->372gat /1
	   281gat /1
test   44: 01011110011110110101001011010001111111110 01011110011110110101001011010001    8 faults detected
	   589gat /1
	   480gat->549gat /1
	   400gat /1
	   483gat /0
	   323gat /0
	   92gat->323gat /1
	   972gat /1
	   976gat /1
test   45: 00011111110010101010111110101101000010010 00011111110010101010111110101101    3 faults detected
	   549gat->589gat /1
	   549gat->588gat /1
	   549gat /1
test   46: 10110111100101001111000111000001011010100 10110111100101001111000111000001    0 faults detected
test   47: 00010111010110111001000110101000011010101 00010111011110111001000110101000    7 faults detected
	   571gat /1
	   426gat->522gat /1
	   365gat /1
	   15gat->269gat /1
	   275gat->369gat /1
	   275gat->368gat /1
	   275gat /1
test   48: 11110001111110001011110111101000110111011 11110001111110001011110111101000    4 faults detected
	   925gat->1001gat /1
	   886gat->1011gat /1
	   860gat->1026gat /1
	   873gat->1031gat /1
test   49: 11110100111100010111010101111100110111101 11110100111100010111010101111100    4 faults detected
	   766gat /1
	   712gat->748gat /1
	   601gat /1
	   516gat->567gat /1
test   50: 00100010100010001100110011100101001010010 00100010100010001100110011100101    0 faults detected
test   51: 01111011100100101101011000001101100001111 01111011100100101101011000001101    0 faults detected
test   52: 11100000000001001000010111011000011000011 11100000000001001000010111011000    7 faults detected
	   946gat /1
	   939gat /1
	   401gat /1
	   64gat->323gat /1
	   756gat /1
	   721gat->733gat /1
	   991gat->1031gat /1
test   53: 01110011111111111000010000001000010110111 01110011111111111000010000001000    0 faults detected
test   54: 10010000101111001111100101111100011000100 10010000101111001111100101111100    0 faults detected
test   55: 10110000011011100011010100111001111111010 10110000011011100011010100111001    0 faults detected
test   56: 00011111010001000011101010010000111110010 00011111010001000011101010010000    0 faults detected
test   57: 01010100001010010011010000011100100001010 01010100001010010011010000011100    0 faults detected
test   58: 11100111001101111010110001100000111110101 11100111001101111010110001100000    2 faults detected
	   441gat->575gat /1
	   438gat->574gat /1
test   59: 10110000001110111101001101111100100011011 10110000001110111101001101111100    0 faults detected
test   60: 10111101000110100111010011011100110000000 10111101000110100111010011011100    2 faults detected
	   955gat /1
	   957gat /1
test   61: 00100001001010100101111111101101101010101 00100001000010100101111111101101   10 faults detected
	   372gat /1
	   78gat->281gat /1
	   815gat->833gat /1
	   815gat->832gat /1
	   815gat /1
	   36gat->399gat /1
	   8gat->398gat /1
	   1162gat->1249gat /1
	   1162gat->1248gat /1
	   1162gat /1
test   62: 11001101001110011010010101111100011011011 11001101001110011010010101111100    0 faults detected
test   63: 00011010101000000011010100100001100001000 00011010101000000011010100100001    8 faults detected
	   366gat /1
	   36gat->272gat /1
	   370gat /1
	   64gat->278gat /1
	   447gat->577gat /1
	   444gat->576gat /1
	   92gat->375gat /1
	   85gat->374gat /1
test   64: 01000111010010010010011100110001110000100 01000111010010010010011100110001    2 faults detected
	   860gat->1016gat /1
	   873gat->1021gat /1
test   65: 10011100111010011010010111101100110010000 10011100111010011010010111101100    0 faults detected
test   66: 10001101100011101011010110100101110100010 10001101100011101011010010100101    6 faults detected
	   78gat->373gat /1
	   71gat->372gat /1
	   391gat /1
	   197gat->308gat /1
	   637gat->705gat /1
	   627gat->704gat /1
test   67: 01010111111111101110101001101101001110110 01010111111111101110101001101101    0 faults detected
test   68: 00100100000100000111110011011100001110111 00100100000100000111110011011100    2 faults detected
	   912gat->1006gat /1
	   899gat->1011gat /1
test   69: 10110110100011010001100010101001011010010 10110110100011010001100010101001    0 faults detected
test   70: 00100010001001100100100011110101101111011 00100010001001100100100011110101    0 faults detected
test   71: 10110101010111111110011001111101011110011 10110101010111111111011001111101   12 faults detected
	   690gat /1
	   607gat->666gat /1
	   162gat->423gat /1
	   134gat->422gat /1
	   305gat->389gat /1
	   305gat->388gat /1
	   305gat /1
	   739gat->761gat /1
	   739gat->760gat /1
	   739gat /1
	   1267gat /1
	   134gat->1189gat /1
test   72: 10011101001000110001111010001101110101101 10011101001000110001111010001101    0 faults detected
test   73: 11111110001101101111000100000101000010110 11111110001101101111000100000101    0 faults detected
test   74: 10101001100000101011000101101000011000100 10101001100000101011000101101000    0 faults detected
test   75: 00100000101111101111010010010001100101001 00100000101111101111010010010001    4 faults detected
	   950gat /1
	   827gat /1
	   654gat->806gat /1
	   954gat /1
test   76: 01001001000111100011100000101000001000110 01001001000111100011100000101000    2 faults detected
	   912gat->996gat /1
	   899gat->1001gat /1
test   77: 11111111001110001001111000001000110001010 11111111001110001001111000001000    0 faults detected
test   78: 00101111000000000111010101110001110101001 00101111000000000111010101110001    5 faults detected
	   949gat /1
	   938gat /1
	   968gat /1
	   961gat /1
	   991gat->1021gat /1
test   79: 10010001100010110010010010010100110101111 10010001100010110010010010010100    0 faults detected
test   80: 11111011011011011111111000011001100001100 11111011011011011111111000011001    0 faults detected
test   81: 10111111111011000101010111110000000100100 10111111111011000101010111110000    2 faults detected
	   963gat /1
	   960gat /1
test   82: 01011011100100101101101100010001110011111 01011011100100101101101100010001    0 faults detected
test   83: 10010010010111011101111011111100111111110 10010010010111011101111011111100    0 faults detected
test   84: 00000101111011001101111000110001110110111 00000101111011001101111000110001    0 faults detected
test   85: 00110100111010010110111110111100010011111 00110100111010010110111110111100    0 faults detected
test   86: 01001100110010011001101001100001001101110 01001100110010011001101001100001    0 faults detected
test   87: 10000100110001000011111111001100011011111 10000100110001100011111111001100    4 faults detected
	   1257gat /1
	   99gat->1174gat /1
	   1078gat /0
	   873gat->1081gat /1
test   88: 10001101000001001100111101001101000010111 10001101000001001100111101001101    0 faults detected
test   89: 10110001100100001000000111110101110001001 10110001100100001000000111110101    2 faults detected
	   134gat->381gat /1
	   127gat->380gat /1
test   90: 10110100000110110110011111001101000100101 10110100000110110110011111001101    0 faults detected
test   91: 01011001001111111101110011011000000001100 01011001001111111101100011011000    6 faults detected
	   984gat /0
	   1195gat->1271gat /1
	   1195gat->1270gat /1
	   1195gat /1
	   1099gat /0
	   899gat->1105gat /1
test   92: 10011000000110100101101110011101001100110 10011000000110100101101110011101    0 faults detected
test   93: 01100000011001101010001101011001011000010 01100000011001101010001101011001    0 faults detected
test   94: 00001111110111000101101100000001111000111 00001111110111000101101100000001    0 faults detected
test   95: 00100111001101110101100000100101111001101 00100111001101110101100000100101    0 faults detected
test   96: 01001010000001010010110100100101000011100 01001010000001010010110100100101    0 faults detected
test   97: 00000110110110001110000111101001011010001 00000110110110001110000111101001    0 faults detected
test   98: 10010011001110110110001110011100101010110 10010011001110010110001110011100    5 faults detected
	   435gat->573gat /1
	   432gat->572gat /1
	   1174gat->1257gat /1
	   1174gat->1256gat /1
	   1174gat /1
test   99: 00110100001111001001010110001101001011000 00110100001111001001010110001101    0 faults detected
test  100: 10000110100000101110100111010100001101011 10000110100000101110100111010100    0 faults detected
test  101: 01110010000011011111001110000001100100100 01110010000011011111001110000001    0 faults detected
test  102: 01001100101001100111111111010100000111011 01001100101001100111111111010100    0 faults detected
test  103: 11111110001101001100001110010101100011110 11111110001101001100001110010101    0 faults detected
test  104: 10001000110001101110101001010001011000001 10001000110001101110101001010001    0 faults detected
test  105: 01010100000101111000111000010100111110011 01010100000101111000111000010100    0 faults detected
test  106: 01111001001111010010111110001001010001100 01111001001111010010111110001001    0 faults detected
test  107: 01111111110100011000001001100000001110100 01111111110100011000001001100000    0 faults detected
test  108: 01111010011111110100011011110100010000001 01111010011111110100011011110100    0 faults detected
test  109: 10100011101101101110101000101001111001001 10100011101101101110101000101001    0 faults detected
test  110: 00101001100101001000111100100100101010101 00101001100101001000111100100000    8 faults detected
	   925gat->1120gat /1
	   1031gat /0
	   1219gat->1287gat /1
	   1219gat->1286gat /1
	   1219gat /1
	   1123gat /0
	   912gat->1126gat /1
	   899gat->1129gat /1
test  111: 11111000101101001110100110010001110011110 11111000101101001110100110010001    0 faults detected
test  112: 11010001111111101110110000110101111111000 11010001111111101110110000110101    0 faults detected
test  113: 00101000001011011010110011101100010101000 00101000001011011010110011101100    0 faults detected
test  114: 10010100011110001000010000011101000001000 10110100011110001000010000011101    7 faults detected
	   834gat->1036gat /1
	   996gat /0
	   847gat->1039gat /1
	   1233gat /1
	   15gat->1138gat /1
	   1042gat /0
	   873gat->1045gat /1
test  115: 01111101000011100000001000110100101000111 01111101000011100000001000110100    0 faults detected
test  116: 10011001110000110111111000011000011000010 10011001110000110111111000011000    0 faults detected
test  117: 01111000001011001001010110101000011001100 01111000001011001001010110101000    0 faults detected
test  118: 00111110001011111101101111000101011100100 00111110001011111101101111000101    0 faults detected
test  119: 11110101011101010111011011000101011000111 11110101011101010111011011000101    0 faults detected
test  120: 01010101011010010000110100011000101101101 01010101011010010000110100011000    0 faults detected
test  121: 00110011010010011000111000110101001001011 00110011010010011000111000110101    0 faults detected
test  122: 11111001110111100111000111110000101001101 11111001110111100111000111110000    0 faults detected
test  123: 10000000000101100010111001101101011111110 10000000000101100010111001101101    0 faults detected
test  124: 11110011000010000101110111001000110001110 11111011000010000101110111001000    8 faults detected
	   981gat /0
	   1237gat /1
	   29gat->1144gat /1
	   1048gat /0
	   1001gat /0
	   847gat->1051gat /1
	   860gat->1054gat /1
	   873gat->1057gat /1
test  125: 00110010001011010111010011110101100011001 00110010001011010111010011110101    0 faults detected
test  126: 00001110000011000111110011000001101011010 00001110000011000111110011000001    0 faults detected
test  127: 11010010001000001000101001000000011111111 11010010001000001000101001000000    2 faults detected
	   967gat /1
	   964gat /1
test  128: 11010111100101000010011110011001111101000 11010111100101000010011110011001    0 faults detected
test  129: 10001010001100000010111010101000010100000 10001010001100000010111010101000    0 faults detected
test  130: 00000101000101011010011001000101111000010 00000101000101011010011001000101    0 faults detected
test  131: 01111001111001011011110110101100101110000 01111001111001011011110110101100    0 faults detected
test  132: 11011000011110010010001111110100011110111 11011000011110010010001111110100    0 faults detected
test  133: 01100000101010011000011011111100001100101 01100000101010011000011011111100    0 faults detected
test  134: 01011010001111001100101101010000110110111 01011110001111001100101101010000    5 faults detected
	   980gat /0
	   834gat->1048gat /1
	   1239gat /1
	   36gat->1147gat /1
	   1051gat /0
test  135: 10100100010101111100101110000000010000011 10100100010101111100101110000000    0 faults detected
test  136: 00001001010110110000110101110101000111100 10001001010110110000110101110101    4 faults detected
	   1229gat /1
	   1gat->1132gat /1
	   1036gat /0
	   860gat->1042gat /1
test  137: 10110010011001001001010001110001111010001 10110010011001001001010001110001    0 faults detected
test  138: 00111101110110010001111100000100111001001 00111101110110010001111100000100    0 faults detected
test  139: 00110100000010110000110010111101101000100 00110100000010110000110010111101    0 faults detected
test  140: 10101000001001101001011011110001001111000 10101000001001101001011011110001    0 faults detected
test  141: 11110111011001111011101010110100110000100 11110111011001111011101010110100    0 faults detected
test  142: 10100111101001101010010010100100101110011 10100111101001101010010010100100    0 faults detected
test  143: 01000001001000101011100001000000000101111 01000001001000101011100001000000    0 faults detected
test  144: 01011001110001011010110010010101100101100 01011001110001011010110010010101    0 faults detected
test  145: 00100111111010110111000010001000101110000 00100111111010110111000010001000    0 faults detected
test  146: 01000111101100111010001010011001100000111 01000111101100111010001010011001    0 faults detected
test  147: 10101110000111011111111001100000111111111 10101110000111011111111001100000    0 faults detected
test  148: 11111100110110101100110001001001101111010 11111100110110101100110001001001    0 faults detected
test  149: 01101001011111110101010100111000101100111 01101001011111110101010100111000    0 faults detected
test  150: 10001100100010011000110100010100011110100 10001100100010011000110100010100    0 faults detected
test  151: 01111001010101100101000100000001000001111 01111001010101100101000100000001    2 faults detected
	   834gat->1021gat /1
	   847gat->1031gat /1
test  152: 01110101101001100010001100110000011011100 01110101101001100010001100110000    0 faults detected
test  153: 00001111100000111000010110101000101011010 00001111100000111000010110101000    0 faults detected
test  154: 11011100111110001000101011001001011100001 11011100111110001000101011001001    0 faults detected
test  155: 01101111101101011111011001000100000101011 01101111101101011111011001000100    0 faults detected
test  156: 01101001011010000100110011111101010011100 01101001011010000100110011111101    0 faults detected
test  157: 11101011111010000100011010101101101111000 11101011111010000100011010101101    0 faults detected
test  158: 11111000000000010011111011111101001101000 11111000000000010011111011111101    0 faults detected
test  159: 11010010001100001000011011000101001110111 11010010001100001000011011000101    0 faults detected
test  160: 10110100101101010000100011110001111010000 10110100101101010000100011110001    0 faults detected
test  161: 00101111111101101011001000101101111000011 00101111111101101011001000101101    0 faults detected
test  162: 01001101110001100011110011011101001011000 01001101110001100011110011011101    0 faults detected
test  163: 01110000111001110000011010001100100111101 01110000111001100000011010001100    3 faults detected
	   1177gat->1259gat /1
	   1177gat->1258gat /1
	   1177gat /1
test  164: 10100111101011100111010100000001010010110 10100111101011100111010100000001    0 faults detected
test  165: 00110001011010100110111001010101110100011 00110001011010100110111001010101    0 faults detected
test  166: 10000110011100110101000100110101101010010 10000110011100110101000100110101    0 faults detected
test  167: 00011011010011100100001100000001111000000 00011011010011100100001100000001    0 faults detected
test  168: 11101000010010100010110110011101001001100 11101000010010100010110110011101    0 faults detected
test  169: 01011110101011000011000011100101100101010 01011110101011000011000011100101    0 faults detected
test  170: 01100111011000110110110010010100000111011 01100111011000110110110010010100    0 faults detected
test  171: 11000101001011111111110111110101011111010 11000101001011111111110111110101    0 faults detected
test  172: 10101010000111101001001010011000101111000 10101010000111101001001010011000    2 faults detected
	   943gat /1
	   940gat /1
test  173: 00011111100110100000001100110001010111000 00011111100110100000001100110001    0 faults detected
test  174: 00101011000101101000010100111000010001001 00101011000101101000010100111000    0 faults detected
test  175: 01110100001110000001111010000001000000001 01110100001110000001111010000001    0 faults detected
test  176: 00101110010100101000100100100100100010000 00101110010100101000100100100100    0 faults detected
test  177: 10001000100010010001000000101000110010001 10001000110010010001000000101000    4 faults detected
	   1247gat /1
	   64gat->1159gat /1
	   1063gat /0
	   860gat->1066gat /1
test  178: 00110001001011010100100100001101111100000 00010001001011010100100100001101    3 faults detected
	   1138gat->1233gat /1
	   1138gat->1232gat /1
	   1138gat /1
test  179: 10011000101101101011110010110101000111001 10001000101101101011110010110101    4 faults detected
	   1141gat->1235gat /1
	   1141gat->1234gat /1
	   1141gat /1
	   1045gat /0
test  180: 00100011101110101010111011001001010010111 00100011101110101010111011001001    0 faults detected
test  181: 00010001100011001000010101011001010010000 00010001100011001000010101011001    0 faults detected
test  182: 10001011001000010010110101000001000011000 10001011001000010010110101000001    0 faults detected
test  183: 10101100000001101111001010011100001011101 10101100000001101111001010011100    0 faults detected
test  184: 01010100100110111110001110001101111010110 01010100100110111010001110001101    5 faults detected
	   1183gat->1263gat /1
	   1183gat->1262gat /1
	   1183gat /1
	   1087gat /0
	   899gat->1093gat /1
test  185: 11011100000100100111011010010001000100000 11011100000100100111011010010001    0 faults detected
test  186: 00000100100111101110101110010101111101100 00000100100111101110101110010101    0 faults detected
test  187: 01110001101111101110011011000001010111010 01110001101111101110011011000001    0 faults detected
test  188: 01011010100100100000101001111001110000111 01011010100100100000101001111001    0 faults detected
test  189: 01010111100101110110011111011000111010001 01010111100101110110011111011000    0 faults detected
test  190: 11010011101111001001001000000001001100001 11010011101111001001001000000001    0 faults detected
test  191: 11110100000100111100010101100101111110000 11110100000100111100010101100101    0 faults detected
test  192: 11011100010010010010010011001000000001010 11011100010010010010010011001000    0 faults detected
test  193: 01100110011011000001010100100000001001101 01100110011011000001010100100000    0 faults detected
test  194: 00000110100010111010100000000001111111011 00000110100010111010100000000001    0 faults detected
test  195: 10011100100011100001111100101100010010011 10011100100011100001111100101100    0 faults detected
test  196: 10100100111001101001100110010000100001101 10100100111001101001100110010000    0 faults detected
test  197: 01010010110110101101000111001000110111111 01010010110110101101000111001000    0 faults detected
test  198: 11000100111000101011111101010101111111011 11000100111000101011111101010101    0 faults detected
test  199: 11111011010000110110110100010000111001000 11111011010000110110110100010000    0 faults detected
test  200: 11110100100010100110110010110101101100011 10110100100010100110110010110101    4 faults detected
	   1135gat->1231gat /1
	   1135gat->1230gat /1
	   1135gat /1
	   1039gat /0
test  201: 11111010000000111100001111101101111001001 11111010000000111100001111101101    0 faults detected
test  202: 01011111111000101100101011010000111011110 01011111111000101100101011010000    0 faults detected
test  203: 00100011110111010111010001011000010101010 00100011110111010111010001011000    0 faults detected
test  204: 10101110101010001100101011010001111010110 10101110101010001100101011010001    0 faults detected
test  205: 11000001110000101010100100100101000001011 11000001110000101010100100100101    0 faults detected
test  206: 00010011110101010010111011001001100110111 00010011110101010010111011001001    0 faults detected
test  207: 10000001110110110110111000001100010000001 10000001110110110110111000001100    0 faults detected
test  208: 11001111001001101010011110100001110011110 11001111001001101010011110100001    0 faults detected
test  209: 00110011001000010000101001010101100101001 00110011001000010000101001010101    0 faults detected
test  210: 11100110101011010010000011100101010000001 11100110101011010010000011100101    0 faults detected
test  211: 00011110101001100110000110011001011000100 00011110101001100010000110011001    0 faults detected
test  212: 11100011000110010100011101110100100001100 11100011000110010100011101110100    0 faults detected
test  213: 11000001000100000011011100111100101011111 11000001000100000011011100111100    0 faults detected
test  214: 10000010001111100011011110011100100011011 10000010001111100011011110011100    0 faults detected
test  215: 00011100000000001010010101101100000111010 00011100000000001010010101101100    0 faults detected
test  216: 10111110011010111110001111101000001100100 10111110011010111110001111101000    0 faults detected
test  217: 00000011111010010000110001111100001111001 00000011111010010000110001111100    0 faults detected
test  218: 01100001011111111100100110010100010000111 01100001011111111100100110010100    0 faults detected
test  219: 10110011111101010111110100110000011111111 10110011111101010111110100110000    0 faults detected
test  220: 00101100100111110010111001110000000101011 00101100100111110010111001110000    0 faults detected
test  221: 10111100111001101100000100000000011111100 10111100111001101100000100010000    7 faults detected
	   925gat->1108gat /1
	   1026gat /0
	   886gat->1111gat /1
	   912gat->1114gat /1
	   1283gat /1
	   190gat->1213gat /1
	   1117gat /0
test  222: 11000000111111110011000100111101111110101 11000000111111110011000100111101    0 faults detected
test  223: 00000000110001110100000100010001110111111 00000000110001110100000100010001    0 faults detected
test  224: 01100101001010101001100001100100011001111 01100101001010101001100001100100    0 faults detected
	*******************************************************
	*                                                     *
	*             Welcome to HOPE (version 2.0)           *
	*                                                     *
	*                Dong S. Ha (ha@vt.edu)               *
	*         Web: http://www.visc.vt.edu/people/ha       *
	*  Virginia Polytechnic Institute & State University  *
	*                                                     *
	*******************************************************

******   SUMMARY OF SIMULATION RESULTS   ******
1. Circuit structure
   Name of circuit                           : c1355o
   Number of primary inputs                  : 41
   Number of primary outputs                 : 32
   Number of combinational gates             : 578
   Number of flip-flops                      : 0
   Level of the circuit                      : 25

2. Simulator input parameters
   Simulation mode                           : random
   Initial random number generator seed      : 1744366784

3. Simulation results
   Number of test patterns applied           : 224
   Fault coverage                            : 90.470 %
   Number of collapsed faults                : 1574
   Number of detected faults                 : 1424
   Number of undetected faults               : 150

4. Memory used                               : 168054 Kbytes

5. CPU time
   Initialization                            : 1348503.117 secs
   Fault simulation                          : 0.000 secs
   Total                                     : 1348503.117 secs

* List of undetected faults:
   1. 1132gat->1229gat /1
   2. 1132gat->1228gat /1
   3. 1132gat /1
   4. 421gat /1
   5. 353gat->421gat /1
   6. 353gat->420gat /1
   7. 183gat->353gat /1
   8. 353gat /1
   9. 211gat /0
  10. 834gat->981gat /1
  11. 847gat->980gat /1
  12. 860gat->979gat /1
  13. 873gat->978gat /1
  14. 392gat /1
  15. 311gat->393gat /1
  16. 311gat->392gat /1
  17. 218gat->311gat /1
  18. 311gat /1
  19. 1231gat /1
  20. 8gat->1135gat /1
  21. 1235gat /1
  22. 22gat->1141gat /1
  23. 1144gat->1237gat /1
  24. 1144gat->1236gat /1
  25. 1144gat /1
  26. 1147gat->1239gat /1
  27. 1147gat->1238gat /1
  28. 1147gat /1
  29. 1241gat /1
  30. 1150gat->1241gat /1
  31. 1150gat->1240gat /1
  32. 43gat->1150gat /1
  33. 1150gat /1
  34. 1054gat /0
  35. 1243gat /1
  36. 1153gat->1243gat /1
  37. 1153gat->1242gat /1
  38. 50gat->1153gat /1
  39. 1153gat /1
  40. 1057gat /0
  41. 1245gat /1
  42. 1156gat->1245gat /1
  43. 1156gat->1244gat /1
  44. 57gat->1156gat /1
  45. 1156gat /1
  46. 1060gat /0
  47. 1159gat->1247gat /1
  48. 1159gat->1246gat /1
  49. 1159gat /1
  50. 1251gat /1
  51. 1165gat->1251gat /1
  52. 1165gat->1250gat /1
  53. 78gat->1165gat /1
  54. 1165gat /1
  55. 1069gat /0
  56. 1253gat /1
  57. 1168gat->1253gat /1
  58. 1168gat->1252gat /1
  59. 85gat->1168gat /1
  60. 1168gat /1
  61. 1072gat /0
  62. 1255gat /1
  63. 1171gat->1255gat /1
  64. 1171gat->1254gat /1
  65. 92gat->1171gat /1
  66. 1171gat /1
  67. 1075gat /0
  68. 1261gat /1
  69. 1180gat->1261gat /1
  70. 1180gat->1260gat /1
  71. 113gat->1180gat /1
  72. 1180gat /1
  73. 1084gat /0
  74. 985gat /0
  75. 983gat /0
  76. 925gat->985gat /1
  77. 886gat->984gat /1
  78. 912gat->983gat /1
  79. 899gat->982gat /1
  80. 1263gat /1
  81. 120gat->1183gat /1
  82. 1265gat /1
  83. 1186gat->1265gat /1
  84. 1186gat->1264gat /1
  85. 127gat->1186gat /1
  86. 1186gat /1
  87. 1090gat /0
  88. 1269gat /1
  89. 1192gat->1269gat /1
  90. 1192gat->1268gat /1
  91. 141gat->1192gat /1
  92. 1192gat /1
  93. 1096gat /0
  94. 1271gat /1
  95. 148gat->1195gat /1
  96. 1273gat /1
  97. 1198gat->1273gat /1
  98. 1198gat->1272gat /1
  99. 155gat->1198gat /1
 100. 1198gat /1
 101. 1102gat /0
 102. 1275gat /1
 103. 162gat->1201gat /1
 104. 1277gat /1
 105. 1204gat->1277gat /1
 106. 1204gat->1276gat /1
 107. 169gat->1204gat /1
 108. 1204gat /1
 109. 1108gat /0
 110. 1279gat /1
 111. 1207gat->1279gat /1
 112. 1207gat->1278gat /1
 113. 176gat->1207gat /1
 114. 1207gat /1
 115. 1111gat /0
 116. 1281gat /1
 117. 1210gat->1281gat /1
 118. 1210gat->1280gat /1
 119. 183gat->1210gat /1
 120. 1210gat /1
 121. 1114gat /0
 122. 1213gat->1283gat /1
 123. 1213gat->1282gat /1
 124. 1213gat /1
 125. 899gat->1117gat /1
 126. 1285gat /1
 127. 1216gat->1285gat /1
 128. 1216gat->1284gat /1
 129. 197gat->1216gat /1
 130. 1216gat /1
 131. 1120gat /0
 132. 1287gat /1
 133. 204gat->1219gat /1
 134. 886gat->1123gat /1
 135. 1289gat /1
 136. 1288gat /1
 137. 1354gat /0
 138. 1222gat->1289gat /1
 139. 1222gat->1288gat /1
 140. 1222gat /0
 141. 211gat->1222gat /1
 142. 1126gat->1222gat /1
 143. 1222gat /1
 144. 1126gat /0
 145. 1291gat /1
 146. 1225gat->1291gat /1
 147. 1225gat->1290gat /1
 148. 218gat->1225gat /1
 149. 1225gat /1
 150. 1129gat /0
